ID: 2PvaIEBJj24
ID: CoqJGsFVJtM
ID: MardkT836BU
ID: gDPaDDy6_WE
ID: H6VxhE_x-kE
ID: oo3kSFZ7uHk
ID: InZ37ht6k2U
ID: wXuzS9xR49M
ID: 3D6yReT06p0
ID: oJGca8Ch828
ID: zLCR7RsxYGs
ID: hFBsF-CX5eQ
ID: So282mXvJno
ID: rxN2MRdFJVg
ID: Bs-zngH79Ds
ID: VkfhJLz5SMQ
ID: dhiOkqjewAM
ID: tdMu8W9NTnY
ID: j2056KEdIAc
ID: -TW6icOmR-A
ID: wAygsCk20h8
ID: 5uxgJmZGiVk
ID: 0zpoa3TacEo
ID: iqIJE3Jo8YM
ID: aKKc88MGz2E
ID: I58f47LRQYM
ID: QJHP6_5XDOk
ID: co1wmDhPjKg
ID: bPMyJzKhCyA
ID: gnxqelrnKXs
ID: ncS2LG56-Zg
ID: P2X7NDx_GP0
ID: 71JHj_t-kS0
ID: 53Ut6qrRrtU
ID: 7DOU5NlNIcE
ID: 6cdIdu8KkLg
ID: W4aBCXlK7DI
ID: p-wzirREFBk
ID: pLBsQt39ZjE
ID: MjeQdrPWEfc
ID: bIgpii04UIg
ID: M0YK2yAZI5M
ID: HlK8FXwovlo
ID: vm6hIANqWLY
ID: 2ip11Nhylts
ID: xJneeemyLcA
ID: DpfXrAjlIro
ID: CNpYALGZhMo
ID: YQT3C3tgz4E
ID: BqOTmSUQHvg
ID: QZub8Ni3x_c
ID: hJDSH3BEBI4
ID: bPy13xFS1D8
ID: lwaw_DL09S4
ID: HCiUKcq2gRU
ID: hRbt11o8cEU
ID: FZU6emgWeaQ
ID: LCDYCLEJlEo
ID: CL79xFmRzdU
ID: WSHCZC-caJs
ID: X_NWtW-xi7k
ID: 1uVH7qA7CfM
ID: EOkSmKTnzuU
ID: LQTdG9SJpyA
ID: 4Bj27zMqNSE
ID: v7oWAumWyiA
