0: 2338824
0: 2115922
0: 1838785
0: 1844894
0: 6011147
0: 882635
0: 7009956
0: 5537945
0: 6757663
0: 906138
0: 2726394
0: 3210885
0: 945418
0: 2109043
0: 1238257
0: 829092
0: 2583212
0: 3223286
0: 1485014
0: 1238256
0: 4370008
0: 2351191
0: 1615790
0: 933060
0: 2644150
0: 4509961
0: 2210652
0: 2133723
0: 1287100
0: 2680478
0: 5332878
0: 2997240
0: 1836178
0: 1821778
0: 4581877
0: 1712583
0: 1352880
0: 1712584
0: 946034
0: 4363111
0: 1171725
0: 1503526
0: 2673724
0: 1935154
0: 3540405
0: 5388669
0: 4749043
0: 3495225
0: 3987163
0: 16041
0: 1239202
0: 878958
0: 1851422
0: 1403046
0: 1615791
0: 933674
0: 3494571
0: 4369090
0: 3637922
0: 1832919
0: 716432
0: 1313798
0: 623420
0: 3495175
0: 1314355
0: 4364283
0: 3757259
0: 6179050
0: 1476494
0: 1353091
0: 2157796
0: 1276875
0: 5498940
0: 1764875
0: 1518880
0: 4377388
0: 4488463
0: 2109063
0: 2052424
0: 2742200
0: 3399809
0: 997541
0: 1804440
0: 2685821
0: 2655269
0: 2608281
0: 978168
0: 1286996
0: 1822140
0: 5087490
0: 454288
0: 2697546
0: 3819309
0: 926712
0: 1822182
0: 425196
0: 1403075
0: 3432021
0: 3359827
0: 3070613
0: 1344388
0: 1279776
0: 318198
0: 4378208
0: 2192116
0: 1054729
0: 3328649
0: 3551599
0: 2169005
0: 3594376
0: 881539
0: 3900461
0: 2162364
0: 4526928
0: 5344040
0: 3921525
0: 1276884
0: 728612
0: 2571415
0: 1386740
0: 623582
0: 1269943
0: 6831501
0: 3231148
0: 3991957
0: 3709935
0: 3617840
0: 3928390
0: 1164173
0: 1637828
0: 4509962
0: 1054736
0: 59076
0: 3856950
0: 4824364
0: 1840186
0: 722002
0: 1403062
0: 4993290
0: 5956761
0: 5264315
0: 4668605
0: 2726748
0: 3574406
0: 2736125
0: 4736854
0: 4136431
0: 3199404
0: 2612198
0: 320719
0: 3199405
0: 4868862
0: 7279405
0: 1224878
0: 5153260
0: 315983
0: 4713310
0: 5364307
0: 3700488
0: 2301155
0: 400405
0: 7797150
0: 219743
0: 5079675
0: 4482121
0: 2257826
0: 2272945
0: 4116443
0: 1543165
0: 4602243
0: 1649258
0: 4233326
0: 3559500
0: 1328986
0: 1072468
0: 3376205
0: 1735138
0: 4360029
0: 4481797
0: 4262084
0: 4436393
0: 4297923
0: 2454364
0: 4124406
0: 1844704
0: 2098580
0: 7269590
0: 164590
0: 6953157
0: 7016066
0: 3494581
0: 3704201
0: 3292635
0: 3374709
0: 3711712
0: 1663181
0: 2428943
0: 1338058
0: 6325066
0: 4050456
1: 4526936
1: 4252467
1: 4736867
1: 882634
1: 3199406
1: 2546687
1: 878954
1: 1344385
1: 2731185
1: 1643653
1: 415546
1: 5160684
1: 7669964
1: 2557959
1: 3311533
1: 3711711
1: 2972616
1: 1400462
1: 301803
1: 5318910
1: 5445123
1: 5296958
1: 4550191
1: 1054726
1: 2667423
1: 3594368
1: 6779457
1: 6203900
1: 415544
1: 6751461
1: 3415652
1: 4373346
1: 5425630
1: 4201353
1: 5037779
1: 4509963
1: 4602393
1: 3224530
1: 3163897
1: 4124410
1: 6589028
1: 4828272
1: 2685817
1: 2738627
1: 3723428
1: 3419645
1: 3488419
1: 3559503
1: 7171582
1: 6357255
1: 7490163
1: 6771399
1: 6771387
1: 4915953
1: 6771402
1: 5404643
1: 4824116
1: 6082552
1: 4321561
1: 5296957
1: 5024490
1: 3386382
1: 2580975
1: 4366394
1: 7024936
1: 6795564
1: 6757662
1: 3791530
1: 4345166
1: 2979597
1: 4136457
1: 2831700
1: 5153261
1: 4766630
1: 4824898
1: 4814576
1: 5163633
1: 4774862
1: 5286079
1: 3419583
1: 1506120
1: 7024942
1: 7015499
1: 5824450
1: 7044634
1: 6102438
1: 6387927
1: 4977644
1: 2559052
1: 1119038
1: 3419584
1: 4116501
1: 945467
1: 408955
1: 5845461
1: 6771388
1: 5091802
1: 2686110
1: 4253222
1: 930776
1: 2557958
1: 2454367
1: 2668515
1: 2831691
1: 7327479
1: 4622273
1: 4972711
1: 3729841
1: 5098276
1: 3656150
1: 4813821
1: 4126110
1: 3729842
1: 2972620
1: 3554228
1: 3748877
1: 1305977
1: 2692315
1: 2828639
1: 3007683
1: 2720561
1: 644925
1: 7280136
1: 6999388
1: 7044202
1: 6949165
1: 6607782
1: 4361272
1: 6327811
1: 4575647
1: 3419566
1: 2032538
1: 3224531
1: 3432007
1: 6938836
1: 4383480
1: 3711710
1: 5712111
1: 5374992
1: 3690611
1: 2043572
1: 819229
1: 219742
1: 5206856
1: 3488409
1: 5448422
1: 2759391
1: 6931313
1: 7490162
1: 5415643
1: 5019831
1: 4979109
1: 6143852
1: 5009796
1: 4856769
1: 2093148
1: 356122
1: 1488561
1: 1603124
1: 3569520
1: 74260
1: 1243606
1: 5676307
1: 1389118
1: 3332043
1: 71567
1: 885272
1: 3047322
1: 1386755
1: 1712585
1: 1476493
1: 7792430
1: 5516984
1: 498379
1: 6028656
1: 2050739
1: 2612812
1: 1947792
1: 6735027
1: 348284
1: 4983849
1: 4406621
1: 1383437
1: 5264400
1: 681145
1: 5264407
1: 1564240
1: 2865403
1: 2152340
1: 1452326
1: 1394103
1: 1425702
1: 1403036
1: 723375
1: 5954193
1: 5313942
1: 681143
1: 1900560
1: 3378614
1: 3359832
