ID: IBxRN_m5kmw
ID: 0v_1TPz1uXw
ID: Kl3467edwsE
ID: DkTuGvgPotA
ID: sf_1ZDA1YFw
ID: fczCr7MdE7U
ID: JWRg1dp6PD4
ID: R6qyvAySjOU
ID: dzs_CPWIkQg
ID: VI2rIoZUrks
ID: 0WW38q7lGZA
ID: aEwNCA_uiVg
ID: ZQS-ioMX4UY
ID: QIW4IkjxP-w
ID: k9X5yGle-NA
ID: j-v3GVQ9lC8
ID: tI7L0UvgJXA
ID: XxvC7az167s
ID: x4Z5eWvGQeo
ID: ZneH-h-iu-s
ID: vVjA1KeKg-w
ID: zrF6ACPLhPM
ID: liUvurgYGyw
ID: Fidy9VLXwaM
ID: YKBLb_ZKJlk
ID: J6Jd0bQhPEE
ID: To4pii1Dn6o
ID: 4w1-sJP9g4I
ID: s_6ZpAwQ6T8
ID: Xpl27cG0x0M
ID: pTIg5Z6WjOY
ID: A2_i401JCKM
ID: 93UoSouP04o
ID: FY7wWMvqdQ0
ID: 2evdP8ysNoU
ID: 3kkErTC2SjU
ID: -lLQNVKXqBM
ID: f6sFD9q1uZc
ID: RAkQAMrjOvk
ID: 0CeXmgdl55U
ID: fS_iWTE3Umk
ID: xKgJP_7xJ54
ID: 6XqqtOuIsIc
ID: xUrhkmr35K4
ID: 0fIbt4UyJxQ
ID: JnpyJhK7Nfc
ID: mu1rkKjOGJ4
ID: bf8wyxuqObE
ID: qKBZRXdlj64
ID: 363KlfFKoJE
ID: pFECUXvWaWU
ID: -jZjEFcDKxk
ID: WOlAHR7Ko0A
ID: UCPQ5LZpY4o
ID: h4Vx89JTn9g
ID: WDYnACvBFFk
ID: 6-rqxRx3RKo
ID: ggUnQHO_o2s
ID: TjFetPc6NXs
ID: vPGJ2fMsWkQ
ID: iR4z6rd5veM
ID: CuZsE0BYCIk
ID: 1MUBZt4zoJ0
ID: 8sgdtzOadI0
