0: 2277
0: 2367029
0: 1326154
0: 2278921
0: 3176371
0: 2270379
0: 1576407
0: 864628
0: 3513547
0: 2569257
0: 1576409
0: 3460423
0: 2986532
0: 2281
0: 3548239
0: 3504149
0: 2441679
0: 1576405
0: 5163781
0: 1493905
0: 3474854
0: 539134
0: 4011294
0: 5163812
0: 3441830
0: 1845683
0: 3946230
0: 864627
0: 1835414
0: 932980
0: 5955833
0: 870514
0: 1867398
0: 1329679
0: 3432295
0: 221193
0: 3460421
0: 5705180
0: 3111745
0: 2136749
0: 5978060
0: 5576401
0: 3357568
0: 7184897
0: 4625476
0: 7468718
0: 1846460
0: 2696759
0: 5417154
0: 4234047
0: 783354
0: 1838314
0: 4211525
0: 6352547
0: 486832
0: 5243712
0: 6014361
0: 1903868
0: 7058063
0: 531209
0: 1647467
0: 1225101
0: 783353
0: 791563
0: 894839
0: 2232732
0: 3123491
0: 873784
0: 2228890
0: 5928043
0: 1426866
0: 539148
0: 873785
0: 2367023
0: 7811889
0: 2918485
0: 539135
0: 4410605
0: 2271
0: 2143993
0: 2801031
0: 2203671
0: 5928080
0: 1239102
0: 1612787
0: 1776646
0: 2546097
0: 3193660
0: 2350367
0: 3176783
0: 1470228
0: 3476848
0: 1470226
0: 4410606
0: 1576403
0: 1575064
0: 4002553
0: 1239101
0: 3537980
0: 2595531
0: 1239105
0: 1575063
0: 1239100
0: 1997578
0: 2598341
0: 2546161
0: 2546119
0: 1440830
0: 2108547
0: 6062497
0: 55455
0: 2806572
0: 4186438
0: 190462
0: 865632
0: 787997
0: 2604822
0: 3512280
0: 3371523
0: 1674385
0: 4183408
0: 1239103
0: 3123498
0: 1470229
0: 926492
0: 625265
0: 1851148
0: 18607
0: 3594921
0: 2144006
0: 1363646
0: 4886896
0: 2596092
0: 3538385
0: 1206018
0: 2357171
0: 1470227
0: 2318368
0: 1612783
0: 5069214
0: 5009367
0: 1567319
0: 864629
0: 3070148
0: 2367096
0: 5133105
0: 1262202
0: 2318367
0: 3529896
0: 5163804
0: 4915475
0: 4002550
0: 4183410
0: 4357175
0: 812452
0: 184448
0: 2301602
0: 170191
0: 348995
0: 2441288
0: 4401411
0: 1335298
0: 1373852
0: 4188523
0: 3512281
0: 5928081
0: 1834816
0: 4308637
0: 801571
0: 415374
0: 7631751
0: 2109074
0: 839977
0: 2457464
0: 4186441
0: 2907901
0: 4501340
0: 2301603
0: 2136748
0: 1239096
0: 1470230
0: 1593965
0: 5148214
0: 932820
0: 2071159
0: 5255994
0: 4188515
0: 2861274
0: 3016758
0: 7201016
0: 3595363
0: 926889
0: 1580328
0: 1648595
0: 3179310
0: 2482397
0: 5001356
0: 1082500
0: 1239104
0: 1846616
1: 1841064
1: 4004902
1: 2053127
1: 1567331
1: 1191768
1: 3399834
1: 6161429
1: 791564
1: 6494565
1: 870515
1: 1830120
1: 2476372
1: 3237884
1: 1846438
1: 1567325
1: 635455
1: 2572624
1: 766902
1: 5284685
1: 5632868
1: 2638330
1: 1569249
1: 1666638
1: 2021816
1: 1525918
1: 6917145
1: 7360714
1: 3272113
1: 3440204
1: 2940370
1: 840077
1: 4500204
1: 4053767
1: 3048040
1: 2940379
1: 2664179
1: 2546157
1: 716029
1: 2281677
1: 3115947
1: 5928044
1: 2354637
1: 5167975
1: 4020594
1: 60579
1: 3571090
1: 1851147
1: 4825132
1: 5001363
1: 4480220
1: 1765958
1: 6562428
1: 1720424
1: 933545
1: 6489586
1: 771627
1: 5284610
1: 4049635
1: 3370959
1: 2123285
1: 5173500
1: 3418113
1: 4117292
1: 6161435
1: 1112016
1: 3250027
1: 3483644
1: 3521767
1: 2301601
1: 2071158
1: 5239734
1: 790711
1: 287286
1: 1559403
1: 5214368
1: 2136750
1: 1062712
1: 5379612
1: 1106831
1: 2059932
1: 3854073
1: 2614320
1: 2413021
1: 5317181
1: 3176782
1: 5128199
1: 3529874
1: 1446443
1: 4843962
1: 5215884
1: 5154443
1: 2388851
1: 1047049
1: 2397231
1: 2512967
1: 5413572
1: 3862993
1: 4006863
1: 1610840
1: 1525441
1: 1173481
1: 924880
1: 5167976
1: 3371303
1: 2386983
1: 946499
1: 4627065
1: 5413618
1: 4241242
1: 2861254
1: 1239108
1: 887417
1: 4047072
1: 3525492
1: 1090186
1: 838323
1: 5394620
1: 4672973
1: 7341221
1: 4581853
1: 2557119
1: 4103054
1: 3504150
1: 1062710
1: 3479711
1: 716026
1: 5167978
1: 3237883
1: 2608635
1: 3478324
1: 2863761
1: 870513
1: 5379468
1: 5269227
1: 4300557
1: 1603130
1: 7804637
1: 320758
1: 2618728
1: 5128201
1: 6605641
1: 3443963
1: 3529889
1: 683075
1: 769157
1: 4843959
1: 5620357
1: 4237293
1: 4302405
1: 4041016
1: 212810
1: 2940374
1: 3591754
1: 6964017
1: 769147
1: 5022735
1: 1730
1: 7472945
1: 4243166
1: 2562707
1: 6824569
1: 2624833
1: 4435141
1: 3591737
1: 1839270
1: 758930
1: 3444282
1: 3380697
1: 3569515
1: 1218467
1: 2052003
1: 2560089
1: 6102833
1: 1851159
1: 932956
1: 4305072
1: 4042632
1: 3663594
1: 6481461
1: 4291303
1: 4006865
1: 2673708
1: 7395539
1: 2412112
1: 3339689
1: 1505482
1: 2559927
1: 925660
1: 597162
1: 1850993
1: 4931218
1: 3460419
1: 3803120
1: 1710364
1: 1239106
1: 1001346
1: 1535507
1: 7026727
1: 4006864
1: 2726168
