0: aXtVn1enG1Y
0: GHRT9j21m2M
0: ZgDHMMd72I8
0: R198mTymEFQ
0: uidpH617Fb8
0: qrdbYqxnets
0: 9ni0zsLO-8w
0: Iu3oWcTi0a4
0: 6PG3k3_SRHU
0: gkgw3O2pbpQ
0: hoUlccGAhxY
0: y806NLNDVtY
0: GXELDgIUUYc
0: sDcrvQw16Zs
0: EZMlWlD-nOU
0: y1-rEwCZkPg
0: Z5ViTNhtPRs
0: IZq1FV87qpM
0: E55ArVp79n4
0: bYnygX0-YuQ
0: WezlZTnUjpA
0: dIOgzCwHmOk
0: 0_90J7szLxI
0: zjBYgtnV9So
0: l2zoIXoGCBs
0: bHdiBIWrtTE
0: lrfpHmuYj88
0: nC8dTqERliE
0: jGqPqGdLqcw
0: 3Lobck5Zohw
1: X3KEdOLtp1c
1: wvCNxhERU3Y
1: n31a2V0007Q
1: TqeV_WDZ3bI
1: enNffryKuQI
1: ncK1abCfC90
1: jeaql5U6YYw
1: N_0Wi_OrucE
1: d9gDUaDpnes
1: eFFnKMiDMGc
1: XgvkPJfw0OU
1: wHCe4X6Kvdo
1: i7cixVebWcs
1: W9nVWcxlHjI
1: 4yK8iDaWnm8
1: fcgPRZmTM5w
1: lAXG_vionGQ
1: zGI4oipidDM
1: 3F5CegmJ-Gs
1: _83n3_f7s10
1: uSNOIO-P6wY
1: Dtc7Lu439BQ
1: GCsiGpMQmVo
1: WIxlJTySYnE
1: Sa3ZE-J8gjA
1: ocnsb17U6FE
1: VjvjEHmITZk
1: 8JIF123iTQY
1: HRqvi4QnJlM
1: QYUEDJmZki8
2: S2PGMylvnWI
2: vwOUpyTAzRE
2: jqXmOb69Flg
2: mPB014NMLmw
2: YFThwci-aH4
2: La8Y09cg_yo
2: AIJnCxr1mzw
2: 5pnbNeW_xWg
2: UfUao89DDT8
2: aj4L38B6j1A
2: -Cy_EiH03Jw
2: fB0MuTk2984
2: 0xD1YifbOTY
2: hcPMtXv7Axc
2: xXRcYH7e96A
2: g_PMj5OVnzA
2: cMvDruWjv0Y
2: oYcGhuesCeU
2: H5E01PlRaTg
2: CayzQUVfw9g
2: e300vqunXzY
2: WZbJPdz42VM
2: hIxKzE4cpjI
2: 7i-envVhYwg
2: hbQfpVYeuRE
2: PUakmrBpqzQ
2: UUfwDmgwhg0
2: lOQFclRojQI
2: XRk6OP3laTE
2: vv4JcoXo9VA
3: Sbg_zX1QfzA
3: cO0aE9-dH8U
3: P7mOk8l5yLA
3: VcfLduqsqfg
3: iPiXhoMUcV8
3: ikk0plO4Rw4
3: 1MjOeHYSc0U
3: uagi76qlCdg
3: RCwVvdCH8b0
3: QzOIgqRGTP8
3: znTn5VV0D4A
3: yNB8niq1qCk
3: 5Tnm2clZwU8
3: 0cFPsje8mBY
3: P-pVpHi0Je8
3: Nt8k9M66LuM
3: QvkAQTNj4zk
3: VVPC-DEBi2I
3: 6ZFdADHt8lY
3: 5_NaYVZSp_Y
3: 14LJiygb_AQ
3: AB3SRf-4T0M
3: 4KLNtB58WOM
3: pEWnGl81mbE
3: b017Vz9P1BU
3: lrF5v9tmBZQ
3: -ftWfohtjNw
3: ZiEzxxXDH5s
3: NaLGlBQDE7E
3: DJ24f8UEWbo
4: aK1_2ezdqt0
4: rfV9hLhg_pY
4: XrjBtzOcQdo
4: H6S9tqXEUmk
4: nQ5x_JwfHrU
4: Bt-T8tSfBkM
4: XblJEymC73I
4: QmtzIj7f5dc
4: wFlOM6Dxuc8
4: 40irKb1LGNc
4: yF3zaB1c8MQ
4: 32DLZHRbInw
4: VwsmqtD14qk
4: x7-h2yuZVRs
4: f0YPb4TJxSM
4: amI09sbNZdE
4: 1DtkOfisieg
4: cyH4_aAtrh8
4: VBCVEvKD7bU
4: OUTKKo3lHuM
4: 0lH6dhTrdu4
4: GnkZMT5rtx4
4: dslUMN7UPg4
4: CvSAM5-fzfA
4: 52jN24UehQ0
4: LzsL8B6B9AM
4: O3XAIg8U4XQ
4: iwP2UhGvnJI
4: 2zQFAcmC7KQ
4: n8vDuIpGb0c
5: 9HCWVTG6msc
5: djL1Ky_aBow
5: ZKNsVqbRSPE
5: p55OFlZSyIw
5: GHM1kzxNVA8
5: b0IELTWBvT4
5: jeuyOUdVI_U
5: IFGVE61AAno
5: mYTr_TZlie8
5: _Us0OVAybWM
5: gSV9ChL_IIk
5: kCQX1H9iQeY
5: mAtnbjjmvrI
5: zbMuMeRIdfA
5: HWCgw1QUnGU
5: DZFIZ92NgUE
5: BEsUfbyHMUY
5: 4LUP4VIOeYo
5: Pm-Cjx8BhII
5: RpBEsrXONQU
5: 18KJKVy0vtk
5: 0rqM8wR6yTg
5: zsyWGSDQRBE
5: z9h95s4DRXo
5: C8k1CpIouWE
5: mPR9cGptajQ
5: -r5KSMkyoSc
5: TkBQCFf0ld8
5: NIwyQr9FC3E
5: Ddenqo3Fx9Y
6: Ch4GoHR0i-4
6: izYoygobnZo
6: 3gVHFpeFaP8
6: O_2PCvCX0ow
6: hz8PT761R3o
6: T9pdHqCsyoQ
6: mGMemmVE5Ac
6: q5xENW9P794
6: wUBhu3GXIg0
6: Ow4w0gwtmU0
6: 7cXfIm5x7Fk
6: vFuknaztGdY
6: MTFxmAHN1P4
6: H-7BnqqmTbA
6: JkYQGq2zb-4
6: tQDGLOSrXPo
6: y4YOJda6OIo
6: NPTBOVzAn98
6: KEH129xGMCw
6: eNKVUNeEmI8
6: 64_w-cfxua4
6: RsGShontkC4
6: QOxlG-tKVmg
6: dRNkyBLzUL0
6: YeVODnlSv-w
6: V0c546GhLb4
6: d9MFFyOHYGE
6: Y-dL8tyyfWo
6: tQS1_2HTuaQ
6: CjmlUpo3eAw
7: awqY-9ADRNQ
7: 32kf8KEMun4
7: EpVXaYCPlJ8
7: Tl_YI6wdNIE
7: LPyvFmAxM48
7: Visn_MtNX-s
7: E-E8ACBX6T0
7: WnzJg5-H2wE
7: -REXRclY7Lk
7: Z9A6HjHXGWw
7: 97JGjGZVkMQ
7: RSaFxaIdk6E
7: KC-RKojO3rE
7: Ybm5I2p3wNY
7: fidXl4-pVwo
7: yzoupNrziRw
7: k87kcKN-Vvs
7: QRq_-BGMhHI
7: hTVUW9i1F34
7: xMh_ww8HN_Q
7: qxZdCONhTgs
7: 2Dz7kKiFv0A
7: KUZnfk-2DSQ
7: yLZAzNG-DGY
7: KoTgtwpOLGc
7: 1Uqa6n1PLPU
7: EsIrydgWxX0
7: tSi0kEI20ZE
7: Z1fgxvziG-4
7: qhbnqmnWxcE
8: uhpDuoEc6J0
8: axg-9O6rnUQ
8: UrqPUe3zUzw
8: -Gsycydd8fs
8: pQvGRiT50g4
8: hHVNSFSVFKU
8: zfjA-srm7zQ
8: u3225q72REk
8: llcX9pTjhXM
8: KiIBo_KmQqw
8: 3X4gbEJDl3A
8: W4KxWAPJsCk
8: laqk20wf3BU
8: -JBO1MerYcM
8: 6UxD0NzDywI
8: uZTAsq5-fMY
8: ZaLUzigr0mc
8: 5Q_Edarv5zQ
8: U6rt7tjz3Z4
8: qCwHAA66MKQ
8: xyiJtO_4FvU
8: oFljzK61O1s
8: ZPRGVBtqnZ4
8: oWN1tKuUpJI
8: gD4k5jYsEgY
8: rKIs-BtGkK8
8: _DQFHWmyY1Q
8: 3NyQ8VAOjh0
8: L3OQ6Nm_bOY
8: ov5j9uhbwak
9: 475tDPr9FRQ
9: btS7sL3jprM
9: WBX-ZLr8P7I
9: WWXOlHsRonw
9: XG5JntFl2ws
9: MQlVnTc4OBg
9: yh22NtzVwGY
9: NaZ4bokBum0
9: SEtmBOay2Ks
9: uw9VbxUZ-jw
9: Wmhtobhmvv0
9: tIpx6MN2Tn0
9: GrAzSNmAwjE
9: i_xVfNtQjwI
9: hv1MrBzGGNY
9: 5g-85BsnULI
9: hhlF006622M
9: QFIMNVUk_VM
9: 2Mgi0olTrwQ
9: eYFKMocsBwM
9: XueCsijW7DY
9: 45d54v-AKsE
9: Cl-r89XfJGE
9: L1ZhjK-R6uc
9: yXoGXa9kGCQ
9: ZwzZ5F_pIBU
9: 5karWnD6xhA
9: s8u1Gv2uF3o
9: Q5mPPGld5Zk
9: vhPZh6zVJdA
10: kO6Az8bRRO8
10: adjoerllFrE
10: ovAILkdKWUU
10: NV6nQLNGlWs
10: Jt8cW5JM27I
10: JlNzxCWPUBQ
10: nuWp34GOHes
10: AX2QRJZWHdU
10: VjsypADmzl8
10: 8NiEWr9ij5g
10: eUQvrxflDd4
10: G1SMt-HXmDk
10: aRkvp39QJzk
10: jMoAsKOwXIo
10: rifYoyce0gQ
10: ic1hKFklq4E
10: w3YArsaCg40
10: 3Dd_TAzy76g
10: FSNd1W5_vuA
10: 831jDX_2q3g
10: mr9P8s3diOI
10: maGyfQGqq4s
10: TAegVkFYIqo
10: uaO4MZf9ino
10: 1j4rkhLqy1I
10: AiEWKY1oY00
10: ks5flsI1mNo
10: uEChKrtRVnU
10: xCFvbAFKTzo
10: nsTu5pzb84M
11: sVcxNFK6oAM
11: pYWrdKO5ksI
11: 3SOPRl2VkuE
11: qeWlYA2G_n4
11: lq2A2ki2w2Y
11: m_Ug6tCkUvs
11: jx7Vg834gtA
11: yINwJ3e9rZs
11: FYVrM2lJmug
11: hCDt1jMnKPQ
11: WJCt0edtQgI
11: PUoMebB8tPE
11: --WPkpZe1to
11: Bz_vb0bjBe0
11: 7LBmbXm7GpQ
11: xxIcEAhItJ0
11: jNRoaz5xY_c
11: Nx_6-BQ0X6o
11: J9A3NWo-20w
11: S5yZLaV84Uc
11: Juvw-a-RvvI
11: 9Zp_6nIJafs
11: RgPqtwJw0ow
11: OsfpkVAYQ04
11: ZsnWAp6jhb0
11: tQ2bXayQp5Y
11: vQglqejQjuQ
11: slraCpura04
11: D2o_oFFRYjk
11: yCKDFQLwoMA
12: 4aXrKjENHxs
12: cL4ZsK7d6nM
12: qufi5Rm9j2U
12: BArWcH78kQ0
12: kC9KUtSiflw
12: jWv3QgZu70o
12: kWxrv1vlHpM
12: SVU8M7_k_Tc
12: I-iuvRW2iyM
12: h3ts_vXJFeI
12: z9K9IRMQ1SY
12: p5ccbMjVCCA
12: cDdWFZKplqg
12: _dpFuKlaSqE
12: RNBxppNpAPc
12: t0dhWPujRTg
12: q1pw1dOW0_0
12: nG8P0WrH_Wo
12: V1x1EY2Phso
12: TPJorVWXFbk
12: GfChTbINQcs
12: oDhEXp24S8s
12: 4_jhDO54BYg
12: Y97-uo-tlkU
12: uzzsok-pBZo
12: jHm_Wvz-5zw
12: 7tz6AIgYEq0
12: gbprCOQYQ2Q
12: QXzUcPen7QM
12: TbxSvJG1578
13: xTNIafUzaas
13: pASHRAKiDeU
13: iys1E1TPcEk
13: U2wCiy3b5B0
13: Ea58SNNkGe8
13: 6dLF6uxHrLk
13: Ug2dS6BsngI
13: JoXoQraEtCA
13: cZScf1sVlZs
13: pMO2vVIBbv0
13: L16qQYtnfGE
13: 54OFPfoxwp0
13: c4eICgIL_O8
13: 5HNB4MqxkIM
13: WSXo75p5fvc
13: 1E-QHWTeqmM
13: dQwjHPp60bw
13: 6vzetaVFQB0
13: toX9Qe0wMiY
13: Utk_Qt-f0hI
13: HqbptzjszGs
13: 0PPw3nsbinQ
13: MYAGZpr2cik
13: kq7UzCS-qLc
13: yL4W0PRiB8I
13: TvdK4Drr7lo
13: DdB-4uOJNVA
13: AwkG4xFJ9LQ
13: 0q20RF3HfQY
13: PFzy4N0_R3M
