ID: D8iy6akvw20
ID: 3HhXWJzG5Ko
ID: INprSEBbfG4
ID: nqLX3lIV7C0
ID: OseN2JZdcY4
ID: CR28Ot0ckaE
ID: YfeOzZ1TEEk
ID: etcVdF2rb5Q
ID: lZ8onQ1wuY8
ID: Oqrx1ZxBYtc
ID: lFo7eFwr8Fs
ID: bbxwU3HtRkM
ID: PDPwKHRe16s
ID: avQQqw9iTnU
ID: vPtqvXmqihE
ID: vbAEHCrvXZ0
ID: v7Y4ucWIwOQ
ID: IFuZVhdWDME
ID: XHTX7FPaJvw
ID: 3ANwn-zUfNQ
ID: IkiUJ4XNC10
ID: uJg2Sbg2jac
ID: Fg40FngCsu4
ID: zcHc_pK4N-E
ID: dAuiLl9LZEs
ID: 955viUSNQP4
ID: u8C_p5_2FoQ
ID: Q_2_Cu_M2kU
ID: JbnUwSe7XuE
ID: vBTaZcQiTQ0
ID: 9KqznGKAQzc
ID: wpCOBIIy2Ys
ID: rOWnACMhBbM
ID: GoKXJaQoLQs
ID: h6yQ8C9MYTI
ID: gRzsb3H_WV0
ID: XCoMpjMGBhg
ID: _xN7UbcZ33I
ID: fuWTgfcToDY
ID: -ftMr1bhSWg
ID: YfZoBgn1vlU
ID: jGbzxJzvTpE
ID: r1HPHg7NBLE
ID: isofYMKrrb8
ID: 6wV2i_DsG8Q
ID: HviXF1Gc3bs
ID: lLZv9oBVd7E
ID: VkOCQt9YiyI
ID: X07P83QyeOU
ID: GqCQ28nT1Vs
ID: ZrNWfz16Z4w
ID: Z_VKeB4zqAo
