0: VPQFUZtvOnw
0: 9aOswReDKPo
0: 0v_1TPz1uXw
0: sf_1ZDA1YFw
0: yPI38imbQSI
0: asZvnGnpL7Q
0: Nf65q5re43k
0: vbAEHCrvXZ0
0: CR28Ot0ckaE
0: lZ8onQ1wuY8
0: Cr9hZrpC1Oc
0: 0DtoVEDaJbs
0: l5hNNYZxGrs
0: AbwqpFnBDms
0: IBekPHDDFxQ
0: _5TGspSCIdw
0: INprSEBbfG4
0: acrBf9BlfvE
0: bH_dKWh6uds
0: uZjF45POZP4
0: fS_iWTE3Umk
0: 3HhXWJzG5Ko
0: -FKE4iLtDUo
0: VPQFUZtvOnw
0: 9aOswReDKPo
0: 0v_1TPz1uXw
0: sf_1ZDA1YFw
0: yPI38imbQSI
0: asZvnGnpL7Q
0: Nf65q5re43k
0: vbAEHCrvXZ0
0: CR28Ot0ckaE
0: lZ8onQ1wuY8
0: Cr9hZrpC1Oc
0: 0DtoVEDaJbs
0: l5hNNYZxGrs
0: AbwqpFnBDms
0: IBekPHDDFxQ
0: _5TGspSCIdw
0: INprSEBbfG4
0: acrBf9BlfvE
0: bH_dKWh6uds
0: uZjF45POZP4
0: fS_iWTE3Umk
0: 3HhXWJzG5Ko
0: -FKE4iLtDUo
0: lDOEwat_MPs
0: kxG2luh4kXA
0: nAOZCYcLND8
0: fLNStYwV01Y
0: kH3Sr9K8EBA
0: 9uwYzO4TLLw
0: qdyBKWSzpSI
1: -qgIGbwdakI
1: 7fAb4bOMtuc
1: O3TlS547j7k
1: _buBm8NsHMI
1: -uPDkAK6f8A
1: hTI5A21l0bk
1: 8ykfmN-zLMg
0: mN8hk4KKDmo
0: A39EqNtDpZs
0: AZJjIlbZM60
0: RUiYB0Wjx9k
