0: VPQFUZtvOnw
0: 1wheUKVAvd0
0: kRSV7C1TL_4
0: g3rqa1twF-0
0: fbf1ELos8ek
0: vkVLkKi8H60
0: EH4VEBxtKqM
0: SXZNsjzSCiI
0: 1EjWR3oagkg
0: 9YVh9yQvvvk
0: 637zbFW0Ah8
0: gLyTF4QIoqk
0: Nf65q5re43k
0: XtDKGqK3uaA
0: lDtZZtluCCs
0: NPvPaE00x-I
0: NLv8Nn0NCO4
0: imY8llhIouQ
0: l5hNNYZxGrs
0: 1NINrZvXJbo
0: rydaCl9nd38
0: hN63jauq1cI
0: qS3EEckqUBo
0: yPI38imbQSI
0: bH_dKWh6uds
0: Mkvo4z-a0V8
0: 6L6RLLZN2kA
0: ZZXRKATGwOk
0: jPVcZsxRGJo
0: cCEvrqhQqW8
1: kxG2luh4kXA
1: qimP2FJyTfU
1: YrlNLfGFhT0
1: zqj1hbfy-ks
1: nAOZCYcLND8
1: xnRg3xDcNnE
1: -qgIGbwdakI
1: Ooj1c6fhdFM
1: aKP_Vm_veEw
1: AbwqpFnBDms
1: VMMfXKElJdw
1: oqLnHkvny3U
1: 8ykfmN-zLMg
1: bULD0lNVXOA
1: a9rxefN9vgY
1: NNHE-p2TqPE
1: CAz2jKo0_zA
1: vbAEHCrvXZ0
1: 9JwAw4cyhQI
1: z0wghn-7VuQ
1: EMX1eJ1BcgU
1: 9aOswReDKPo
1: lcZ9NxhOSlo
1: Xx1z3MGYObw
1: iRragFlFOfg
1: UdUIsmGVnDM
1: To4pii1Dn6o
1: haSJEJYzl5A
1: lZ8onQ1wuY8
1: xBFTjrMIC0c
2: gPkbMtDugII
2: Qse3AFWnc48
2: 7WAGthfGJ9w
2: YCowzuvCvMM
2: y-feJOQIBao
2: CE1yaljvkb0
2: mN8hk4KKDmo
2: jv8IT2rEjhA
2: aWI365eiqNg
2: 0v_1TPz1uXw
2: EX9XiF7ccsg
2: gkANpt2K2Hk
2: -C0kCJKPWE4
2: FCrgmqqvl-w
2: cdS0S11bGoo
2: pILoT6SzBG0
2: t1_i1XGrBuk
2: 8l_Ux2WYpqM
2: nThKvQ1WA50
2: sf_1ZDA1YFw
2: y3g7gOdLW5s
2: uZjF45POZP4
2: ZTAhoW9W3ms
2: TdpPez8CKZI
2: mzXtRaS_XYI
2: O_FC43kbx4g
2: fS_iWTE3Umk
2: OKT6Ce9fwqI
2: kH3Sr9K8EBA
2: zxZU1Hn3vSU
0: gPkbMtDugII
0: Qse3AFWnc48
0: 7WAGthfGJ9w
0: YCowzuvCvMM
0: y-feJOQIBao
0: CE1yaljvkb0
0: mN8hk4KKDmo
0: jv8IT2rEjhA
0: aWI365eiqNg
0: 0v_1TPz1uXw
0: EX9XiF7ccsg
0: gkANpt2K2Hk
0: -C0kCJKPWE4
0: FCrgmqqvl-w
0: cdS0S11bGoo
0: pILoT6SzBG0
0: t1_i1XGrBuk
0: 8l_Ux2WYpqM
0: nThKvQ1WA50
0: sf_1ZDA1YFw
0: y3g7gOdLW5s
0: uZjF45POZP4
0: ZTAhoW9W3ms
0: TdpPez8CKZI
0: mzXtRaS_XYI
0: O_FC43kbx4g
0: fS_iWTE3Umk
0: OKT6Ce9fwqI
0: kH3Sr9K8EBA
0: zxZU1Hn3vSU
1: cxU7uPh6jHs
1: wKI5P9h4P5g
1: lBIFDzYwbDo
1: Cr9hZrpC1Oc
1: 4L0KvF123mM
1: KrjEEj5wHRM
1: qyNdC1E-K0I
1: RUiYB0Wjx9k
1: 25joi4xC-DU
1: ifFwXbrkTcU
1: ThHjRoBqAeE
1: HkyE5l_S-7I
1: IcM392yG3eY
1: hTI5A21l0bk
1: -GlyJz90Fks
1: NYqCYYqymlM
1: YJnX-S4Ib5I
1: uMjXPQRMm8A
1: INprSEBbfG4
1: fSkF8zAmMSQ
1: MXovqM130UI
1: 1yEXkH0UNMk
1: YOCgSRMY7bw
1: pFECUXvWaWU
1: d6qi3iHkig4
1: AgW1tyOHb2c
1: E7eFTtfQR88
1: 5p6snpUyZWY
1: lDOEwat_MPs
1: -FKE4iLtDUo
2: Yv8a7QK3VJ8
2: CR28Ot0ckaE
2: Ig1Q2geCAK0
2: qJjXwi2zNSE
2: 3vgWRGWyIVo
2: Yh1Hnjq_axE
2: lQy6mHZ7fYk
2: K2FiwiUjn3I
2: qdyBKWSzpSI
2: ZX8Pf38WRHU
2: kiTK3JfO7z4
2: IBekPHDDFxQ
2: RcDJZCVRrQ4
2: CGlM6PfBFGU
2: JyxMyWKOlSU
2: asZvnGnpL7Q
2: N6ujBCCFv78
2: q9aNUIq-eB8
2: jVLahCBXaJs
2: eYSnZObkCFU
2: eSBVErIINJ8
2: O3TlS547j7k
2: S0OwMQxlGNw
2: I58f47LRQYM
2: A39EqNtDpZs
2: 3HhXWJzG5Ko
2: fLNStYwV01Y
2: 9uwYzO4TLLw
2: 3KX2nLszHsE
2: nkHBFwVBzkg
3: _lVx4DjKkh0
3: IdrzXJQlw5w
3: lfTzA0nrywg
3: TdDtTu2rv4s
3: t-W4_309hi8
3: bKXSsG0z5R8
3: 4IAp_N7xu-k
3: cf5GPig_KSw
3: LY2u-E3bNaY
3: 3KjvR6rXQxI
3: nTPAl6tWBhI
3: VWhmcxjQD7s
3: _MSxYvJGgBk
3: z3nQCMK8v28
3: 0jRQ-_fM0gM
3: huANpTjJN9Q
3: vN0fQqkCbuo
3: -jQZ6AHtuWM
3: QLVX4LPeA1A
3: BchYMYL9UKQ
3: OM80jTzhLyA
3: bWBE1dBD_88
3: MIo0zEVpQ3o
3: MoqgdndDXQE
3: qFskVfqxFbc
3: uC_Z8k5H7uo
3: eN7GqjE5v7o
3: jnYSXWLc20U
3: hpUczfJpAdw
3: t3XABA6_uNM
4: 1sKBXGh-fTY
4: ZI09HAqOC0E
4: jmb5NKYMKK4
4: kc1XoGlPlUw
4: 9OdCW3UY7dw
4: gqPIFlvwmqU
4: 1uCoB6FMcmA
4: ghqKej6Fr5A
4: slZ3aWzrqMM
4: VP-suQPNE9M
4: cnNj0ICeX-A
4: LPfKlnEWnGs
4: QscngJQtEig
4: bvGG7fD0Y4c
4: 0HpKsVSk580
4: cVJh5kNel8k
4: Vz8xXmC2Kik
4: _uVFKCFU4rA
4: Q5txWuRb6DI
4: wdwZCFjTkNc
4: yXTuAhaP7-w
4: 4xQvp2JkJ0Q
4: WAP39s8EvjI
4: 6Sq7ePR3Ktg
4: JvgVKYHUyvQ
4: GDSDM7oWgCU
4: WOAx6nzTUqQ
4: PBd10UufiVo
4: KQbJXneAtBc
4: eUefh6631TQ
5: iPiHxMyjtoc
5: jhdJI8Lb23Q
5: 3rcOczRGH7M
5: EytpAWOcysY
5: jExy5IYZp2Q
5: P8ZEWoOBZhI
5: x0jGD49GRmU
5: _5TGspSCIdw
5: 7fAb4bOMtuc
5: -uPDkAK6f8A
5: QDq3YliZg48
5: SYrmNNS5TdA
5: i5Crg4KLblY
5: wfBvWR3dCqw
5: BteMcldTQVo
5: 1gBUXhf0PtA
5: mBdGlqKOnbI
5: 0DtoVEDaJbs
5: zOLcqlSr9wU
5: FivolqHz3bg
5: Lce-vtnHBr4
5: MardkT836BU
5: acrBf9BlfvE
5: ibx3Yrmfb0s
5: VM-bHk5l4Dw
5: AZJjIlbZM60
5: euqiHwS38Rw
5: Y9WTwredge0
5: lqwVe3qO6l4
5: ta0b_NDxi6k
6: Xr8zuPfy-KE
6: HIuZYCEBZBE
6: bL6VgDDsS8M
6: AWMWcR3hQUg
6: qNlwGPxMd9Q
6: o06EnBaHvvE
6: dOP4dCRJDdA
6: yx3-a7ualMM
6: P39UrLi6FFI
6: b24k8xLI6pA
6: L5RlYhmWah0
6: gJS8pjuGUSI
6: -5FRm3GHdrU
6: 2BeAHd_Kmf8
6: _xN7UbcZ33I
6: LOdAL10JejI
6: HuMXepbutF8
6: FoZYN7a9mWE
6: fczCr7MdE7U
6: GibvqWh_OcE
6: nsKO4yhLkz4
6: dz3TGztQIPE
6: fFYgW-zVD2E
6: _buBm8NsHMI
6: Ie5yEDoVnsU
6: suH2bDfi8SU
6: GEZodJ3Gp4s
6: RbHiJUzC9Iw
6: AQYHPsEl8IM
6: Eat6QBncr40
0: 2477515
0: 2477516
0: 1973815
0: 241047
0: 2477530
0: 2477504
0: 1532127
0: 84719
0: 2477506
0: 3039598
0: 3579943
0: 2477542
0: 1284086
0: 2241673
0: 1549365
0: 2477527
0: 2121292
0: 2638347
0: 732118
0: 2123168
0: 2781726
0: 3284139
0: 5826788
0: 3240348
0: 1549366
0: 2477513
0: 4133699
0: 1885437
0: 5260996
0: 1284084
0: 5121725
0: 2736593
0: 3635772
0: 7295655
0: 1774736
0: 461834
0: 7084515
0: 199588
0: 3978213
0: 4400195
0: 5121664
0: 2083277
0: 461825
0: 2339605
0: 4341497
0: 1284083
0: 4400204
0: 4400213
0: 6929371
0: 6757664
0: 4400203
0: 3579945
0: 6865393
0: 4400220
0: 4374273
0: 3579937
0: 461792
0: 5078257
0: 4396623
0: 4400218
0: 4396631
0: 4400192
0: 4400193
0: 4400221
0: 4400217
0: 6828924
0: 4400212
0: 4399998
0: 4400216
0: 2364704
0: 4322206
0: 1093016
0: 3024083
0: 1544874
0: 2343877
0: 2284729
0: 2264207
0: 3039597
0: gPkbMtDugII
0: Qse3AFWnc48
0: 7WAGthfGJ9w
0: YCowzuvCvMM
0: y-feJOQIBao
0: VPQFUZtvOnw
0: 1wheUKVAvd0
0: kRSV7C1TL_4
0: g3rqa1twF-0
0: fbf1ELos8ek
0: vkVLkKi8H60
0: VPQFUZtvOnw
0: 1wheUKVAvd0
0: kRSV7C1TL_4
0: g3rqa1twF-0
0: fbf1ELos8ek
0: vkVLkKi8H60
0: EH4VEBxtKqM
0: SXZNsjzSCiI
0: 1EjWR3oagkg
0: 9YVh9yQvvvk
0: 637zbFW0Ah8
0: gLyTF4QIoqk
0: Nf65q5re43k
0: XtDKGqK3uaA
0: lDtZZtluCCs
0: NPvPaE00x-I
0: NLv8Nn0NCO4
0: imY8llhIouQ
0: l5hNNYZxGrs
0: 1NINrZvXJbo
0: VPQFUZtvOnw
0: 1wheUKVAvd0
0: kRSV7C1TL_4
0: g3rqa1twF-0
0: fbf1ELos8ek
0: vkVLkKi8H60
0: EH4VEBxtKqM
0: SXZNsjzSCiI
0: 1EjWR3oagkg
0: 9YVh9yQvvvk
0: 637zbFW0Ah8
0: gLyTF4QIoqk
0: Nf65q5re43k
0: XtDKGqK3uaA
0: lDtZZtluCCs
0: NPvPaE00x-I
0: NLv8Nn0NCO4
0: imY8llhIouQ
0: l5hNNYZxGrs
0: 1NINrZvXJbo
1: rydaCl9nd38
1: hN63jauq1cI
1: qS3EEckqUBo
1: yPI38imbQSI
1: bH_dKWh6uds
1: Mkvo4z-a0V8
1: 6L6RLLZN2kA
1: ZZXRKATGwOk
1: jPVcZsxRGJo
1: cCEvrqhQqW8
1: kxG2luh4kXA
1: qimP2FJyTfU
1: YrlNLfGFhT0
1: zqj1hbfy-ks
1: nAOZCYcLND8
1: xnRg3xDcNnE
1: -qgIGbwdakI
1: Ooj1c6fhdFM
1: aKP_Vm_veEw
1: AbwqpFnBDms
2: VMMfXKElJdw
2: oqLnHkvny3U
2: 8ykfmN-zLMg
2: bULD0lNVXOA
2: a9rxefN9vgY
2: NNHE-p2TqPE
2: CAz2jKo0_zA
2: vbAEHCrvXZ0
2: 9JwAw4cyhQI
2: z0wghn-7VuQ
2: EMX1eJ1BcgU
2: 9aOswReDKPo
2: lcZ9NxhOSlo
2: Xx1z3MGYObw
2: iRragFlFOfg
2: UdUIsmGVnDM
2: To4pii1Dn6o
2: haSJEJYzl5A
2: lZ8onQ1wuY8
2: xBFTjrMIC0c
3: gPkbMtDugII
3: Qse3AFWnc48
3: 7WAGthfGJ9w
3: YCowzuvCvMM
3: y-feJOQIBao
3: CE1yaljvkb0
3: mN8hk4KKDmo
3: jv8IT2rEjhA
3: aWI365eiqNg
3: 0v_1TPz1uXw
3: EX9XiF7ccsg
3: gkANpt2K2Hk
3: -C0kCJKPWE4
3: FCrgmqqvl-w
3: cdS0S11bGoo
3: pILoT6SzBG0
3: t1_i1XGrBuk
3: 8l_Ux2WYpqM
3: nThKvQ1WA50
3: sf_1ZDA1YFw
4: y3g7gOdLW5s
4: uZjF45POZP4
4: ZTAhoW9W3ms
4: TdpPez8CKZI
4: mzXtRaS_XYI
4: O_FC43kbx4g
4: fS_iWTE3Umk
4: OKT6Ce9fwqI
4: kH3Sr9K8EBA
4: zxZU1Hn3vSU
4: cxU7uPh6jHs
4: wKI5P9h4P5g
4: lBIFDzYwbDo
4: Cr9hZrpC1Oc
4: 4L0KvF123mM
4: KrjEEj5wHRM
4: qyNdC1E-K0I
4: RUiYB0Wjx9k
4: 25joi4xC-DU
4: ifFwXbrkTcU
5: ThHjRoBqAeE
5: HkyE5l_S-7I
5: IcM392yG3eY
5: hTI5A21l0bk
5: -GlyJz90Fks
5: NYqCYYqymlM
5: YJnX-S4Ib5I
5: uMjXPQRMm8A
5: INprSEBbfG4
5: fSkF8zAmMSQ
5: MXovqM130UI
5: 1yEXkH0UNMk
5: YOCgSRMY7bw
5: pFECUXvWaWU
5: d6qi3iHkig4
5: AgW1tyOHb2c
5: E7eFTtfQR88
5: 5p6snpUyZWY
5: lDOEwat_MPs
5: -FKE4iLtDUo
6: Yv8a7QK3VJ8
6: CR28Ot0ckaE
6: Ig1Q2geCAK0
6: qJjXwi2zNSE
6: 3vgWRGWyIVo
6: Yh1Hnjq_axE
6: lQy6mHZ7fYk
6: K2FiwiUjn3I
6: qdyBKWSzpSI
6: ZX8Pf38WRHU
6: kiTK3JfO7z4
6: IBekPHDDFxQ
6: RcDJZCVRrQ4
6: CGlM6PfBFGU
6: JyxMyWKOlSU
6: asZvnGnpL7Q
6: N6ujBCCFv78
6: q9aNUIq-eB8
6: jVLahCBXaJs
6: eYSnZObkCFU
7: eSBVErIINJ8
7: O3TlS547j7k
7: S0OwMQxlGNw
7: I58f47LRQYM
7: A39EqNtDpZs
7: 3HhXWJzG5Ko
7: fLNStYwV01Y
7: 9uwYzO4TLLw
7: 3KX2nLszHsE
7: nkHBFwVBzkg
7: _lVx4DjKkh0
7: IdrzXJQlw5w
7: lfTzA0nrywg
7: TdDtTu2rv4s
7: t-W4_309hi8
7: bKXSsG0z5R8
7: 4IAp_N7xu-k
7: cf5GPig_KSw
7: LY2u-E3bNaY
7: 3KjvR6rXQxI
8: nTPAl6tWBhI
8: VWhmcxjQD7s
8: _MSxYvJGgBk
8: z3nQCMK8v28
8: 0jRQ-_fM0gM
8: huANpTjJN9Q
8: vN0fQqkCbuo
8: -jQZ6AHtuWM
8: QLVX4LPeA1A
8: BchYMYL9UKQ
8: OM80jTzhLyA
8: bWBE1dBD_88
8: MIo0zEVpQ3o
8: MoqgdndDXQE
8: qFskVfqxFbc
8: uC_Z8k5H7uo
8: eN7GqjE5v7o
8: jnYSXWLc20U
8: hpUczfJpAdw
8: t3XABA6_uNM
9: ZI09HAqOC0E
9: 1sKBXGh-fTY
9: jmb5NKYMKK4
9: kc1XoGlPlUw
9: 9OdCW3UY7dw
9: gqPIFlvwmqU
9: 1uCoB6FMcmA
9: ghqKej6Fr5A
9: slZ3aWzrqMM
9: VP-suQPNE9M
9: cnNj0ICeX-A
9: LPfKlnEWnGs
9: QscngJQtEig
9: bvGG7fD0Y4c
9: 0HpKsVSk580
9: cVJh5kNel8k
9: Vz8xXmC2Kik
9: _uVFKCFU4rA
9: Q5txWuRb6DI
9: wdwZCFjTkNc
10: yXTuAhaP7-w
10: 4xQvp2JkJ0Q
10: WAP39s8EvjI
10: 6Sq7ePR3Ktg
10: JvgVKYHUyvQ
10: GDSDM7oWgCU
10: WOAx6nzTUqQ
10: PBd10UufiVo
10: KQbJXneAtBc
10: eUefh6631TQ
10: iPiHxMyjtoc
10: jhdJI8Lb23Q
10: 3rcOczRGH7M
10: EytpAWOcysY
10: jExy5IYZp2Q
10: P8ZEWoOBZhI
10: x0jGD49GRmU
10: _5TGspSCIdw
10: 7fAb4bOMtuc
10: -uPDkAK6f8A
11: QDq3YliZg48
11: SYrmNNS5TdA
11: i5Crg4KLblY
11: wfBvWR3dCqw
11: BteMcldTQVo
11: 1gBUXhf0PtA
11: mBdGlqKOnbI
11: 0DtoVEDaJbs
11: zOLcqlSr9wU
11: FivolqHz3bg
11: Lce-vtnHBr4
11: MardkT836BU
11: acrBf9BlfvE
11: ibx3Yrmfb0s
11: VM-bHk5l4Dw
11: AZJjIlbZM60
11: euqiHwS38Rw
11: Y9WTwredge0
11: lqwVe3qO6l4
11: ta0b_NDxi6k
12: Xr8zuPfy-KE
12: HIuZYCEBZBE
12: bL6VgDDsS8M
12: AWMWcR3hQUg
12: qNlwGPxMd9Q
12: o06EnBaHvvE
12: dOP4dCRJDdA
12: yx3-a7ualMM
12: P39UrLi6FFI
12: b24k8xLI6pA
12: L5RlYhmWah0
12: gJS8pjuGUSI
12: -5FRm3GHdrU
12: 2BeAHd_Kmf8
12: _xN7UbcZ33I
12: LOdAL10JejI
12: HuMXepbutF8
12: FoZYN7a9mWE
12: fczCr7MdE7U
12: GibvqWh_OcE
13: nsKO4yhLkz4
13: dz3TGztQIPE
13: fFYgW-zVD2E
13: _buBm8NsHMI
13: Ie5yEDoVnsU
13: suH2bDfi8SU
13: GEZodJ3Gp4s
13: RbHiJUzC9Iw
13: AQYHPsEl8IM
13: Eat6QBncr40
13: TrKi9eowVDk
13: yAwKsxCHins
13: nzaJMfM7MFA
13: JFRyey4mSbQ
13: uzRFWMjRwZg
13: 6lKkLtPXKzo
13: LQdeDO7OsTk
13: oHihDeSO5Hc
13: D1vqcCZYih0
13: ZitK309t6PA
14: Gtr3-5FyOIs
14: OuwUU6bYZuQ
14: OWU-5hpqIcY
14: hubWG22IEq8
14: 3vy9eL1voo4
14: IbRkYrIgrWo
14: DyndLuY1rII
14: wJLximOeckc
14: oHEM4s82CKk
14: prhMYojFJRY
14: upPXoXEFXj8
14: 4t6rjFjabtM
14: X1VvunjYTAI
14: reB_7v9RPNU
14: KuKJPlcOm6A
14: Dgcccow_cr8
14: pO4ol7NNggU
14: GoKXJaQoLQs
14: vGQ49l9I4EE
14: qydnkODHMo4
15: tb5A-QTI6xg
15: 7lUDryZFbbE
15: 3A1etBW5cBk
15: R3FkeqtQDOE
15: w5Z_lEWYirI
