0: 699480
0: 1215140
0: 1759027
0: 548335
0: 3703244
0: 1698730
0: 1453793
0: 1717192
0: 1938842
0: 5455265
0: 1759505
0: 7012586
0: 3636026
0: 7880509
0: 1630030
0: 3289503
0: 3757657
0: 4161380
0: 4971511
0: 1621554
0: 1777957
0: 4915333
0: 7601873
0: 5417765
0: 7710053
0: 7274569
0: 3336385
0: 4460384
0: 143943
0: 1581807
0: 3629473
0: 14129
0: 1584351
0: 3209499
0: 3521468
0: 3514354
0: 4397351
0: 7274554
0: 4825321
0: 3517440
0: 5683473
0: 5434469
0: 2810489
0: 101499
0: 3519413
0: 6743531
0: 5390681
0: 3341245
0: 1995820
0: 7842265
0: 1580550
0: 1172016
0: 7861486
0: 223773
0: 2797302
0: 2634646
0: 7822455
0: 2597190
0: 1545029
0: 2388901
0: 385639
0: 680842
0: 3460021
0: 1160261
0: 1698692
0: 2713819
0: 288090
0: 3057867
0: 1785533
0: 1805790
0: 3755131
0: 1501307
0: 1648486
0: 2980040
0: 1420431
0: 644624
0: 3597242
0: 2561697
0: 1698720
0: 2299550
0: 2468602
0: 765484
0: 1698741
0: 4076555
0: 55725
0: 5174066
0: 1698683
0: 2605472
0: 1899854
0: 1524801
0: 2262495
0: 3019065
0: 7865479
0: 2721269
0: 2437571
0: 2607812
0: 2382140
0: 3852379
0: 370112
0: 1524816
0: 1759006
0: 164571
0: 1860283
0: 5490274
0: 5596669
0: 3033251
0: 419688
0: 663638
0: 4591852
0: 444416
0: 2526488
0: 4176104
0: 1784282
0: 5385804
0: 3315231
0: 2559130
0: 7777192
0: 1142855
0: 2264164
0: 219264
0: 250822
0: 15186
0: 2063348
0: 4161381
0: 1670222
0: 2701644
0: 755542
0: 8362
0: 8351
0: 678040
0: 512877
0: 4279529
0: 2727418
0: 3742929
0: 4319395
0: 2117102
0: 1691674
0: 1753807
0: 4477456
0: 5249477
0: 2615450
0: 4208594
0: 802480
0: 399164
0: 343955
0: 1408454
0: 1110793
0: 7582103
0: 1415525
0: 7000147
0: 2074143
0: 3344226
0: 1732568
0: 5375348
0: 5539925
0: 3595161
0: 2603643
0: 2346268
0: 4276771
0: 802478
0: 3102849
0: 1665019
0: 2641239
0: 4384013
0: 4092894
0: 3965440
0: 7825038
0: 1696328
0: 4534043
0: 2609843
0: 1165991
0: 3816193
0: 3705873
0: 1248835
0: 314915
0: 3107123
0: 1668274
0: 2819152
0: 3703095
0: 7885762
0: 4339688
0: 7326583
0: 5404499
0: 70500
0: 2980044
0: 4427880
0: 4310397
0: 7582104
0: 4159453
0: 3209250
0: 7885764
0: 1061734
0: 3260327
0: 5249475
0: 3070200
0: 5626669
0: 7760040
0: 200535
0: 3514293
0: 2803327
1: 1051771
1: 71378
1: 4412730
1: 2127114
1: 1763664
1: 960248
1: 3647146
1: 7582107
1: 3945542
1: 4044115
1: 3997249
1: 6415255
1: 4427131
1: 2074144
1: 4522943
1: 1391049
1: 4348513
1: 4257285
1: 3707568
1: 2506322
1: 1138007
1: 3821065
1: 272641
1: 3818740
1: 1786316
1: 7885769
1: 1269430
1: 2546901
1: 4302660
1: 370258
1: 1776752
1: 2596696
1: 2663130
1: 1580549
1: 664262
1: 3622543
1: 2145231
1: 3485116
1: 7884842
1: 1271164
1: 4499396
1: 3652671
1: 4792487
1: 6603531
1: 3219401
1: 7716776
1: 1215778
1: 4397260
1: 1703576
1: 7885743
1: 1772389
1: 1199172
1: 4085400
1: 4330795
1: 1710690
1: 1818848
1: 4458805
1: 6564685
1: 3867369
1: 5389928
1: 4008487
1: 4350668
1: 1397510
1: 5349702
1: 3689820
1: 2156390
1: 3806678
1: 3560745
1: 1679847
1: 2784788
1: 2623317
1: 1696202
1: 4395692
1: 1654047
1: 3607533
1: 4427286
1: 4195065
1: 7534068
1: 399156
1: 4893366
1: 4360798
1: 4381235
1: 1687348
1: 4287345
1: 4205889
1: 3486664
1: 2044695
1: 957491
1: 4451652
1: 3684773
1: 669793
1: 67060
1: 4323134
1: 3663472
1: 3655555
1: 3496692
1: 3649643
1: 1319080
1: 2548908
1: 4529418
1: 4583154
1: 1700790
1: 4015167
1: 4320119
1: 4492043
1: 3693593
1: 3656744
1: 1271163
1: 3829985
1: 4774382
1: 1281183
1: 3654434
1: 4492886
1: 3509476
1: 3070175
1: 2109210
1: 4646401
1: 1203030
1: 3875569
1: 5370314
1: 4521020
1: 201844
1: 3521360
1: 4477450
1: 1048269
1: 114500
1: 680843
1: 91288
1: 4421246
0: 699480
0: 1215140
0: 1759027
0: 548335
0: 3703244
0: 1698730
0: 1453793
0: 1717192
0: 1938842
0: 5455265
0: 1759505
0: 7012586
0: 3636026
0: 7880509
0: 1630030
0: 3289503
0: 3757657
0: 4161380
0: 4971511
0: 1621554
0: 1777957
0: 4915333
0: 7601873
0: 5417765
0: 7710053
0: 7274569
0: 3336385
0: 4460384
0: 143943
0: 1581807
0: 3629473
0: 14129
0: 1584351
0: 3209499
0: 3521468
0: 3514354
0: 4397351
0: 7274554
0: 4825321
0: 3517440
0: 5683473
0: 5434469
0: 2810489
0: 101499
0: 3519413
0: 6743531
0: 5390681
0: 3341245
0: 1995820
0: 7842265
0: 1580550
0: 1172016
0: 7861486
0: 223773
0: 2797302
0: 2634646
0: 7822455
0: 2597190
0: 1545029
0: 2388901
0: 385639
0: 680842
0: 3460021
0: 1160261
0: 1698692
0: 2713819
0: 288090
0: 3057867
0: 1785533
0: 1805790
0: 3755131
0: 1501307
0: 1648486
0: 2980040
0: 1420431
0: 644624
0: 3597242
0: 2561697
0: 1698720
0: 2299550
0: 2468602
0: 765484
0: 1698741
0: 4076555
0: 55725
0: 5174066
0: 1698683
0: 2605472
0: 1899854
0: 1524801
0: 2262495
0: 3019065
0: 7865479
0: 2721269
0: 2437571
0: 2607812
0: 2382140
0: 3852379
0: 370112
0: 1524816
0: 1759006
0: 164571
0: 1860283
0: 5490274
0: 5596669
0: 3033251
0: 419688
0: 663638
0: 4591852
0: 444416
0: 2526488
0: 4176104
0: 1784282
0: 5385804
0: 3315231
0: 2559130
0: 7777192
0: 1142855
0: 2264164
0: 219264
0: 250822
0: 15186
0: 2063348
0: 4161381
0: 1670222
0: 2701644
0: 755542
0: 8362
0: 8351
0: 678040
0: 512877
0: 4279529
0: 2727418
0: 3742929
0: 4319395
0: 2117102
0: 1691674
0: 1753807
0: 4477456
0: 5249477
0: 2615450
0: 4208594
0: 802480
0: 399164
0: 343955
0: 1408454
0: 1110793
0: 7582103
0: 1415525
0: 7000147
0: 2074143
0: 3344226
0: 1732568
0: 5375348
0: 5539925
0: 3595161
0: 2603643
0: 2346268
0: 4276771
0: 802478
0: 3102849
0: 1665019
0: 2641239
0: 4384013
0: 4092894
0: 3965440
0: 7825038
0: 1696328
0: 4534043
0: 2609843
0: 1165991
0: 3816193
0: 3705873
0: 1248835
0: 314915
0: 3107123
0: 1668274
0: 2819152
0: 3703095
0: 7885762
0: 4339688
0: 7326583
0: 5404499
0: 70500
0: 2980044
0: 4427880
0: 4310397
0: 7582104
0: 4159453
0: 3209250
0: 7885764
0: 1061734
0: 3260327
0: 5249475
0: 3070200
0: 5626669
0: 7760040
0: 200535
0: 3514293
0: 2803327
1: 1051771
1: 71378
1: 4412730
1: 2127114
1: 1763664
1: 960248
1: 3647146
1: 7582107
1: 3945542
1: 4044115
0: FLTYzCJ5yIE
0: xZa4JUE7EdM
0: T2NJ74BKKIA
0: Utjz0sjngu4
0: fHsX0eS5X9Y
0: ML7MlOHKbGQ
0: cLGYeMD6aYU
0: Cw9Immj9T4c
0: w11fXrOOThI
0: fM_JgCp1bzA
0: P7St2eaBNk4
0: TXlclVn3WoE
0: ZZp8M1o30K4
0: S_Gn31fwFXE
0: cSkcWvqsQVE
0: fiOU98HM2Uc
0: mrJ6YAcDFyg
0: I2Tg1VMuVjA
0: elTDFJB__Gc
0: 2_qF062nD_4
0: 4oaCbRW63Cw
0: K_xO-Exo-p4
0: 74BNVXbFfBU
0: XSRga7C1GJ4
0: 0L511IGDlcw
0: -ctUpdKcNaQ
0: iaNkNIJoX10
0: HUJ0IzkVdPE
0: tRTArqJnxKU
0: qVEC437Lk8E
1: sjtpCyn9Aiw
1: WIingILOkOY
1: GRzW3XPmLlA
1: EcgQqkRepGc
1: lyWt8hQflrU
1: ykt9envzX5s
1: OnoQLphax3Q
1: t0ijCgRT2xw
1: QQxDd1UEq6s
1: F-zWAppQzfg
1: F0hEyASGFjQ
1: g3z6Ys5OiWw
1: GLynR0EIwJg
1: OMORNhycoZA
1: M7pp-tOYjlg
1: DbdKo2zANgI
1: Ld4TkpIBaO0
1: KwmzwDHrqlc
1: Zmto1BOR7jM
1: QtCf3EiGigs
1: mZW0TWr6Kc4
1: 9F3qT6c9P5Q
1: D5AZGtz9Oyk
1: Ru6WD7lmLaA
1: giZ9Oku4uTs
1: kpVUGNNN0EY
1: bBf4CWGPIjU
1: JLWiBG0J2ZQ
1: FpHQSD-_Pjo
1: bKEi6ohQd5U
2: Aud6hv56o7o
2: aTYoFWM433E
2: vARunZ51cOE
2: DBSaND4CwsA
2: _ofywOqBroE
2: omAwO03DU-Y
2: Tw3IorVtgiY
2: LZj1MzDzYAI
2: LNKDRfs-Zxo
2: 3BaqeObiLGY
2: wZTBwBlw54Y
2: iUFJyAO4Tao
2: RLev1WnJxlI
2: ES98bCSbMFw
2: _FRefKGpzgA
2: Gz3ojTQ_wDY
2: i3_5kHk9Vv4
2: V5MAOxbxA6k
2: SZ6dkrFwCbY
2: X-bo5Vu9vfY
2: Bm1uhpEuTD0
2: 5bdKZLqeySU
2: cCFEUUXwmtY
2: yQTmiYLYkNs
2: 4efMee7CJCU
2: n-T6jrr72tU
2: 4FgnlzwfA7I
2: KS0yHk4vc6I
2: Xv1L5geXv8k
2: dcUzTyycnhY
3: GUkt3E1ymAg
3: IxGbUGN8HkY
3: 91_rHbcQYk4
3: pJ3O3NZc22s
3: rfY-vpFpDIo
3: zBoUMHJfm8E
3: 44tIUKBxztg
3: R54AlF_Ey2M
3: Bf9OoXKMojs
3: 6twQDJL3Qmk
3: pSxBMq3cAOk
3: AsCt_eSYqM8
3: p8LZ4s0PcEI
3: qLC5TzVw3kU
3: B_QxQD5VR64
3: ituDAGk57ec
3: Zu1su4ktz4U
3: OOm7Uc-Hae4
3: zoCGw7RC-dA
3: eT172Frl8gs
3: oZZdu6rpWSE
3: S3gzcbO1SGs
3: h_Ig1qFzJBw
3: ttzUQeExd0A
3: hl2grbvmWAY
3: i-eIitZb0MU
3: R9wNSMsV8Bk
3: g_BfJY7fP10
3: BLvhGK5nOdE
3: KuObNOBFC1I
4: Vybrfg49WpM
4: SGPIy2ISfYc
4: 39O00XF1JIA
4: BeyRebTHcwE
4: qn9gXatSXIw
4: 3KlKe_vlwT4
4: 8Ycc2x6Tzpc
4: 2lWm1e-nfaA
4: _PXKTO_6QwE
4: qukWq1IZBsU
4: BcAzhsLliLA
4: 6mxOodN6KHk
4: dnUtpA_XfCo
4: KCo_OaYhFxc
4: uBqy-RknwIg
4: agT9lYsfiMo
4: vzFmrI4dl1o
4: gxPomYoTYlc
4: mzbvcqGoxDI
4: hqaFp0zclUk
4: PpppWb6frdU
4: KPAoSYGuuoM
4: vbrmH3kUcRU
4: tZ7tsNsEyDY
4: MkZR1JdDz-o
4: LAgMMV__3e8
4: QNOukv0Jx54
4: tQdjPfa7Wq8
4: DBxZR0BJdRY
4: -0hrYOInpM0
5: KAprrHuNTpg
5: COLeRZ4kQ2c
5: fnj2BUXOP3s
5: jDd7eHPes-U
5: skKTwptUzSo
5: VbsxhnDGlPI
5: Qiq9IT3h4TU
5: cFk3LX_4fyk
5: OYXkhsyB4J8
5: yRLFOE7AbDk
5: byim1Yehpv0
5: yXxZZKRMDU0
5: v19TE5Vy3qc
5: eIQjAMNGMR4
5: 2d8XUahu9zk
5: OS5AHKdNHPE
5: gnQnACRK-z4
5: _rqDHdrKIJs
5: DHmCRWiT94c
5: PcbFEygDuWM
5: 1JukKunX9RM
5: oZd56yD6IzU
5: e--JwSv4qys
5: 36zZoXDrGmI
5: l8qIZmNuD1E
5: z3PptENrcqg
0: 699480
0: 699480
0: 1215140
0: 1759027
0: 548335
0: 3703244
0: 1698730
0: 1453793
0: 1717192
0: 1938842
0: 5455265
0: 1759505
0: 7880509
0: 7012586
0: 3636026
0: 1630030
0: 3289503
0: 3757657
0: 4161380
0: 4971511
0: 1621554
0: 1777957
0: 4915333
0: 7601873
0: 5417765
0: 7274569
0: 7710053
0: 3336385
0: 4460384
0: 143943
0: 1581807
0: FLTYzCJ5yIE
0: xZa4JUE7EdM
0: T2NJ74BKKIA
0: fHsX0eS5X9Y
0: Utjz0sjngu4
0: ML7MlOHKbGQ
0: cLGYeMD6aYU
0: Cw9Immj9T4c
0: w11fXrOOThI
0: fM_JgCp1bzA
0: P7St2eaBNk4
0: TXlclVn3WoE
0: ZZp8M1o30K4
0: S_Gn31fwFXE
0: cSkcWvqsQVE
0: fiOU98HM2Uc
0: mrJ6YAcDFyg
0: I2Tg1VMuVjA
0: elTDFJB__Gc
0: 2_qF062nD_4
0: FLTYzCJ5yIE
0: xZa4JUE7EdM
0: T2NJ74BKKIA
0: fHsX0eS5X9Y
0: Utjz0sjngu4
0: ML7MlOHKbGQ
0: cLGYeMD6aYU
0: Cw9Immj9T4c
0: w11fXrOOThI
0: fM_JgCp1bzA
0: P7St2eaBNk4
0: TXlclVn3WoE
0: ZZp8M1o30K4
0: S_Gn31fwFXE
0: cSkcWvqsQVE
0: fiOU98HM2Uc
0: mrJ6YAcDFyg
0: I2Tg1VMuVjA
0: elTDFJB__Gc
0: 2_qF062nD_4
1: 4oaCbRW63Cw
1: K_xO-Exo-p4
1: 74BNVXbFfBU
1: XSRga7C1GJ4
1: 0L511IGDlcw
1: iaNkNIJoX10
1: -ctUpdKcNaQ
1: HUJ0IzkVdPE
1: tRTArqJnxKU
1: qVEC437Lk8E
1: sjtpCyn9Aiw
1: WIingILOkOY
1: GRzW3XPmLlA
1: EcgQqkRepGc
1: lyWt8hQflrU
1: ykt9envzX5s
1: OnoQLphax3Q
1: t0ijCgRT2xw
1: QQxDd1UEq6s
1: F-zWAppQzfg
2: F0hEyASGFjQ
2: g3z6Ys5OiWw
2: GLynR0EIwJg
2: OMORNhycoZA
2: M7pp-tOYjlg
2: DbdKo2zANgI
2: KwmzwDHrqlc
2: Ld4TkpIBaO0
2: Zmto1BOR7jM
2: QtCf3EiGigs
2: mZW0TWr6Kc4
2: 9F3qT6c9P5Q
2: D5AZGtz9Oyk
2: Ru6WD7lmLaA
2: giZ9Oku4uTs
2: kpVUGNNN0EY
2: bBf4CWGPIjU
2: JLWiBG0J2ZQ
2: FpHQSD-_Pjo
2: bKEi6ohQd5U
3: Aud6hv56o7o
3: aTYoFWM433E
3: vARunZ51cOE
3: _ofywOqBroE
3: DBSaND4CwsA
3: omAwO03DU-Y
3: Tw3IorVtgiY
3: LZj1MzDzYAI
3: LNKDRfs-Zxo
3: 3BaqeObiLGY
3: wZTBwBlw54Y
3: iUFJyAO4Tao
3: RLev1WnJxlI
3: ES98bCSbMFw
3: _FRefKGpzgA
3: Gz3ojTQ_wDY
3: i3_5kHk9Vv4
3: V5MAOxbxA6k
3: SZ6dkrFwCbY
3: X-bo5Vu9vfY
4: Bm1uhpEuTD0
4: 5bdKZLqeySU
4: cCFEUUXwmtY
4: yQTmiYLYkNs
4: 4efMee7CJCU
4: n-T6jrr72tU
4: 4FgnlzwfA7I
4: KS0yHk4vc6I
4: Xv1L5geXv8k
4: dcUzTyycnhY
4: GUkt3E1ymAg
4: IxGbUGN8HkY
4: 91_rHbcQYk4
4: pJ3O3NZc22s
4: rfY-vpFpDIo
4: zBoUMHJfm8E
4: 44tIUKBxztg
4: R54AlF_Ey2M
4: Bf9OoXKMojs
4: 6twQDJL3Qmk
5: pSxBMq3cAOk
5: AsCt_eSYqM8
5: p8LZ4s0PcEI
5: qLC5TzVw3kU
5: B_QxQD5VR64
5: ituDAGk57ec
5: Zu1su4ktz4U
5: OOm7Uc-Hae4
5: zoCGw7RC-dA
5: eT172Frl8gs
5: oZZdu6rpWSE
5: S3gzcbO1SGs
5: h_Ig1qFzJBw
5: ttzUQeExd0A
5: hl2grbvmWAY
5: i-eIitZb0MU
5: R9wNSMsV8Bk
5: g_BfJY7fP10
5: BLvhGK5nOdE
5: KuObNOBFC1I
6: Vybrfg49WpM
6: SGPIy2ISfYc
6: 39O00XF1JIA
6: BeyRebTHcwE
6: qn9gXatSXIw
6: 3KlKe_vlwT4
6: 8Ycc2x6Tzpc
6: 2lWm1e-nfaA
6: _PXKTO_6QwE
6: qukWq1IZBsU
6: BcAzhsLliLA
6: 6mxOodN6KHk
6: dnUtpA_XfCo
6: KCo_OaYhFxc
6: uBqy-RknwIg
6: agT9lYsfiMo
6: vzFmrI4dl1o
6: gxPomYoTYlc
6: mzbvcqGoxDI
6: hqaFp0zclUk
7: MkZR1JdDz-o
7: LAgMMV__3e8
7: KPAoSYGuuoM
7: vbrmH3kUcRU
7: tZ7tsNsEyDY
7: PpppWb6frdU
7: QNOukv0Jx54
7: tQdjPfa7Wq8
7: DBxZR0BJdRY
7: -0hrYOInpM0
7: KAprrHuNTpg
7: COLeRZ4kQ2c
7: jDd7eHPes-U
7: skKTwptUzSo
7: VbsxhnDGlPI
7: Qiq9IT3h4TU
7: cFk3LX_4fyk
7: OYXkhsyB4J8
7: fnj2BUXOP3s
7: yRLFOE7AbDk
8: byim1Yehpv0
8: yXxZZKRMDU0
8: v19TE5Vy3qc
8: eIQjAMNGMR4
8: 2d8XUahu9zk
8: OS5AHKdNHPE
8: gnQnACRK-z4
8: DHmCRWiT94c
8: PcbFEygDuWM
8: 1JukKunX9RM
8: oZd56yD6IzU
8: 36zZoXDrGmI
8: l8qIZmNuD1E
8: e--JwSv4qys
8: _rqDHdrKIJs
8: z3PptENrcqg
