0: 1761613
0: 3550733
0: 3453729
0: 553464
0: 553462
0: 2656259
0: 2032838
0: 553463
0: 1114060
0: 3623694
0: 276070
0: 1659118
0: 3641844
0: 3215625
0: 6630377
0: 564762
0: 3550742
0: 21687
0: 3623692
0: 2715711
0: 3550729
0: 3474854
0: 3633375
0: 1611089
0: 3441830
0: 3696472
0: 3583005
0: 5889697
0: 6153716
0: 3555214
0: 1696921
0: 2620176
0: 3284637
0: 3586314
0: 4290308
0: 1283162
0: 5506822
0: 3613298
0: 4125348
0: 4666055
0: 2664482
0: 5643271
0: 5603367
0: 7157943
0: 5323009
0: 6633086
0: 1844745
0: 3638444
0: 562110
0: 9218
0: 4421752
0: 6630499
0: 6673291
0: 4520513
0: 3630370
0: 3563535
0: 6632359
0: 7368800
0: 6951735
0: 4639222
0: 1146823
0: 5132879
0: 5231096
0: 7666292
0: 82524
0: 1789664
0: 7835517
0: 7858303
0: 7873790
0: 2180685
0: 4716186
0: 1737840
0: 7858400
0: 2905834
0: 582207
0: 1647467
0: 3623662
0: 1785391
0: 1785420
0: 3632500
0: 1785408
0: 1761575
0: 3680486
0: 1785422
0: 1841317
0: 7878265
0: 1774663
0: 61089
0: 951312
0: 980218
0: 1761771
0: 1952035
0: 2673039
0: 1717650
0: 2586468
0: 3623667
0: 1271943
0: 3632560
0: 11881
0: 5551325
0: 4429520
0: 3674755
0: 1567409
0: 1751443
0: 4495944
0: 571215
0: 2520999
0: 2151467
0: 696169
0: 3571266
0: 3654444
0: 4637372
0: 1085065
0: 3644646
0: 1803966
0: 2963302
0: 2590224
0: 2673874
0: 4465363
0: 1952073
0: 2833810
0: 17092
0: 1747224
0: 3705711
0: 1804288
0: 4716155
0: 4617986
0: 9215
0: 7882645
0: 1487647
0: 947501
0: 439300
0: 1442943
0: 1238307
0: 3508096
0: 3308863
0: 7874187
0: 1239425
0: 3439189
0: 5578371
0: 324343
0: 4448081
0: 2002848
0: 74344
0: 951223
0: 3406891
0: 1218185
0: 3219373
0: 7858342
0: 3437572
0: 2180278
0: 5572711
0: 2151103
0: 1371196
0: 653838
0: 1987195
0: 1475223
0: 4025710
0: 7486688
0: 114578
0: 3417368
0: 4387403
0: 2265517
0: 1358339
0: 4060720
0: 853109
0: 3661092
0: 2749369
0: 3648343
0: 5578186
0: 504830
0: 140367
0: 1729459
0: 3874367
0: 1290616
0: 1714028
0: 1717387
0: 4217379
0: 428050
0: 7882627
0: 3665416
0: 1772439
0: 952425
0: 4389807
0: 1854126
0: 7486689
0: 7428746
0: 2806572
0: 1952033
0: 1837298
0: 1616403
0: 1358336
0: 4404898
0: 3668135
0: 4517631
0: 3673217
0: 4403139
0: 694197
0: 88532
0: 1805938
1: 1740554
1: 3529119
1: 4725806
1: 3757745
1: 970461
1: 7189567
1: 2940375
1: 1729460
1: 4261747
1: 2911039
1: 114581
1: 3674842
1: 26053
1: 3980667
1: 553490
1: 114579
1: 4401503
1: 1202313
1: 1348464
1: 3757656
1: 3542609
1: 7514233
1: 3629058
1: 7393372
1: 3614852
1: 1757708
1: 571218
1: 2891891
1: 4429559
1: 1112529
1: 4493580
1: 1597724
1: 2933943
1: 962279
1: 1089376
1: 3703519
1: 3614859
1: 4025711
1: 4390130
1: 4841973
1: 694196
1: 2627014
1: 3935100
1: 3664838
1: 2669939
1: 1238349
1: 1574625
1: 3666727
1: 2294636
1: 2719845
1: 4398237
1: 7542296
1: 3677782
1: 4437725
1: 3736076
1: 7149240
1: 947497
1: 6766598
1: 3008468
1: 4445343
1: 437245
1: 4479871
1: 4003081
1: 1476089
1: 664529
1: 2799719
1: 2546197
1: 1542862
1: 4151599
1: 4943046
1: 2396265
1: 851204
1: 4128386
1: 7514251
1: 4355128
1: 2792730
1: 4126450
1: 3659591
1: 2684547
1: 1342299
1: 2828520
1: 4124676
1: 7514222
1: 7422825
1: 569068
1: 3705707
1: 2827670
1: 2281817
1: 1118466
1: 5012214
1: 4813262
1: 188185
1: 387452
1: 2672886
1: 7396482
1: 5067642
1: 1688607
1: 2369165
1: 4394378
1: 428047
1: 1783250
1: 5914425
1: 3076462
1: 1717389
1: 4364902
1: 318152
1: 592995
1: 7530555
1: 3681877
1: 3685039
1: 1360509
1: 6564690
1: 698575
1: 4247634
1: 2602312
1: 4484280
1: 3665622
1: 3880383
1: 1770308
1: 3682767
1: 2701931
1: 4731873
1: 4403152
1: 3757695
1: 18494
1: 437244
1: 1002439
1: 3766255
1: 3805639
1: 3664769
1: 3529120
1: 3619530
1: 2638332
1: 2659832
1: 2853916
1: 2612696
1: 7149253
1: 3119425
1: 1867960
1: 189246
1: 3520947
1: 7428099
1: 2666134
1: 1560411
1: 4426220
1: 4135569
1: 7396485
1: 3699371
1: 1612835
1: 1238391
1: 220124
1: 3583644
1: 3660408
1: 4716150
1: 77946
1: 4480422
1: 7449883
1: 3204867
1: 3193065
1: 2657544
1: 1618308
1: 4236120
1: 1562157
1: 345311
1: 4517644
1: 4716184
1: 7666843
1: 6089502
1: 3734557
1: 1809278
1: 1360552
1: 3179310
1: 874149
1: 360295
1: 896065
1: 952427
1: 4444642
1: 3648505
1: 7658800
1: 3555270
1: 3757681
1: 5145315
1: 7557876
1: 4449931
1: 3678230
1: 3709939
1: 1508206
1: 970466
1: 4213073
1: 77376
1: 5504204
1: 3657275
1: 5530016
1: 2660004
1: 1167073
1: 5461706
1: 856045
1: 4716169
1: 5480364
1: 3399834
