0: 1647688
0: 1792233
0: 6786607
0: 1647507
0: 7669963
0: 4639222
0: 2253423
0: 2367097
0: 1539447
0: 15408
0: 429383
0: 2542947
0: 1220367
0: 671980
0: 3137112
0: 4351352
0: 387451
0: 7730185
0: 4396202
0: 3139068
0: 2428967
0: 1348464
0: 3133485
0: 2665240
0: 3137143
0: 4749043
0: 2015934
0: 1335298
0: 1900795
0: 144644
0: 3134631
0: 3133486
0: 2367030
0: 7423430
0: 3301341
0: 7423429
0: 2587993
0: 1797816
0: 7124541
0: 1970375
0: 2085008
0: 2071
0: 4468285
0: 2563404
0: 2428678
0: 2202422
0: 2787
0: 3752413
0: 3004200
0: 1485881
0: 3026075
0: 2630578
0: 3139069
0: 2428809
0: 4507972
0: 2489409
0: 2589685
0: 74300
0: 5357784
0: 1596037
0: 4796293
0: 5046291
0: 3087925
0: 3248741
0: 6876690
0: 2119908
0: 3835995
0: 4734779
0: 6876688
0: 171295
0: 1485879
0: 3434196
0: 5563994
0: 3984775
0: 2990696
0: 3671301
0: 779736
0: 62288
0: 2215031
0: 1736854
0: 3671298
0: 1543190
0: 2072300
0: 817756
0: 2542950
0: 1543194
0: 1485883
0: 1543189
0: 5892709
0: 802991
0: 1760925
0: 4879218
0: 1772526
0: 2587859
0: 402222
0: 6036008
0: 6035984
0: 1333264
0: 4507971
0: 2994617
0: 51942
0: 2542948
0: 103527
0: 933169
0: 4052552
0: 5046292
0: 3102006
0: 2994614
0: 1797814
0: 2015593
0: 2072298
0: 1485880
0: 144493
0: 3367721
0: 671971
0: 4990548
0: 5367514
0: 1578936
0: 1318531
0: 7720569
0: 1485882
0: 1772541
0: 5572373
0: 5422528
0: 1543191
0: 2072302
0: 5160502
0: 4966574
0: 2489406
0: 5249582
0: 7431212
0: 1666706
0: 3078556
0: 3264253
0: 4939423
0: 2044165
0: 672050
0: 1485885
0: 3083230
0: 5058260
0: 4986292
0: 7650535
0: 258872
0: 1622875
0: 272637
0: 4302390
0: 2925036
0: 6754234
0: 4354462
0: 1711672
0: 144492
0: 3356235
0: 1114063
0: 6570211
0: 5855661
0: 3483877
0: 5142280
0: 4260106
0: 2367073
0: 3236541
0: 1578937
0: 272634
0: 6570214
0: 6569488
0: 5299034
0: 3555515
0: 3222307
0: 336963
0: 6570212
0: 7028538
0: 4971560
0: 3951304
0: 3078557
0: 2479687
0: 5222221
0: 4052564
0: 2711404
0: 2169541
0: 2994611
0: 4889948
0: 4176308
0: 272632
0: 2929588
0: 1385564
0: 1123081
0: 2215038
0: 5925591
0: 3801793
0: 3485914
0: 3188335
0: 525465
0: 7474162
0: 5033778
0: 5948853
0: 5948852
0: 1333190
0: 6110020
0: 3500232
0: 343615
0: 1982739
1: 909372
1: 1417812
1: 1110682
1: 5062746
1: 3835997
1: 4564296
1: 2868186
1: 3940476
1: 2217476
1: 820819
