ID: r4AR9ePKFvA
ID: jPVcZsxRGJo
ID: HkshRttZKCM
ID: Bnl2cjUA8zE
ID: lCt7dJIZBek
ID: ztUiSP2J0ks
ID: qdLCMX5yJ2Q
ID: 0islNC8XGlY
ID: 6F0jd4UXySA
ID: _xsrmeBWx0E
ID: 55ft_H_T2nI
ID: a9rxefN9vgY
ID: cAu052iDXgo
ID: dcxfK5GamO8
ID: VjJr17GkX1M
ID: odr3tT9ZDBo
ID: 1rafrfyrsZw
ID: wds9ue_gops
ID: 4iQUzpd4YKA
ID: gSwW2o41zbA
ID: WJb6U3NdD54
ID: vbAEHCrvXZ0
ID: NbeiJPmXzxk
ID: 3OV0ft7mG_o
ID: 4p6T42Q2WEA
ID: lcZ9NxhOSlo
ID: N0Ai_Hc5s0I
ID: H6E8exkite4
ID: Rhj2hOMdwFo
ID: bb57Bps1HYk
ID: exXLuCTVhI8
ID: NQvfUVkw_J8
ID: z3S6gw_uWpc
ID: IH5drEw7L44
ID: 9_WjJJpX55E
ID: hspehWjV4Yo
ID: gISJrMlXr8k
ID: NETjXiFq3co
ID: nG4ZimMIO_k
ID: 503noevB5MI
ID: Jx2UKRBpaqI
ID: IEvHx7JSFOE
ID: 8QT1UvMJNrs
ID: rJ236eQHXGA
ID: NTvEVO77ris
ID: AbwqpFnBDms
ID: xIfhcoVwAjc
