0: 783352
0: 2481346
0: 380037
0: 907124
0: 599227
0: 1444025
0: 2539163
0: 742766
0: 1487304
0: 2135548
0: 556777
0: 1024641
0: 2481358
0: 1918107
0: 2039830
0: 3941993
0: 392745
0: 1846358
0: 1203562
0: 747618
0: 3212137
0: 7847987
0: 6841140
0: 1853327
0: 7014122
0: 6101067
0: 3595688
0: 6841040
0: 6523446
0: 3060458
0: 5435158
0: 1851077
0: 5724522
0: 5298126
0: 6215762
0: 6231697
0: 6825808
0: 5856039
0: 4639222
0: 986304
0: 6674599
0: 7285326
0: 906141
0: 7840448
0: 3070153
0: 1239267
0: 82524
0: 1239436
0: 3212148
0: 1995433
0: 3327242
0: 609273
0: 1837703
0: 686918
0: 428070
0: 1117568
0: 2109043
0: 1238667
0: 906145
0: 793384
0: 3225459
0: 1545518
0: 1535766
0: 1239235
0: 906136
0: 1485014
0: 3571083
0: 61089
0: 91537
0: 1239236
0: 15408
0: 2099000
0: 1198006
0: 2013122
0: 2665267
0: 906143
0: 5332706
0: 1539675
0: 1222428
0: 4004908
0: 398968
0: 2194054
0: 2489366
0: 1918082
0: 2013118
0: 2585270
0: 1238725
0: 2902892
0: 2542947
0: 1539620
0: 1539633
0: 3408834
0: 2014
0: 1539678
0: 2367023
0: 1578240
0: 2608588
0: 2106781
0: 2573090
0: 991090
0: 3550940
0: 1869794
0: 4024032
0: 2159915
0: 4509961
0: 1578377
0: 320136
0: 1239025
0: 2353741
0: 1914113
0: 4017609
0: 2210652
0: 2230852
0: 3809474
0: 2484344
0: 2917152
0: 2370812
0: 2202605
0: 681034
0: 1239027
0: 3175117
0: 2381649
0: 3534412
0: 1061547
0: 3315231
0: 3287620
0: 2516278
0: 1117565
0: 2121307
0: 667554
0: 2272
0: 3819966
0: 4705132
0: 1334632
0: 1489626
0: 4049471
0: 2900325
0: 2997240
0: 1578253
0: 1830062
0: 2419055
0: 2419057
0: 2146987
0: 1187656
0: 2428945
0: 2381616
0: 2100124
0: 2434941
0: 1332072
0: 1545520
0: 4029486
0: 2605915
0: 3137112
0: 1239028
0: 3464829
0: 1958945
0: 387451
0: 3436872
0: 3496781
0: 2511072
0: 933210
0: 3021263
0: 1239034
0: 1332104
0: 3483465
0: 905439
0: 960932
0: 1869282
0: 1278749
0: 1960326
0: 770051
0: 3071905
0: 2497654
0: 1608440
0: 1269979
0: 2387063
0: 4017613
0: 1239032
0: 232210
0: 2673791
0: 2121579
0: 3010065
0: 3487775
0: 2097312
0: 2898523
0: 2130968
0: 909326
0: 2148295
0: 3279045
0: 4004909
0: 4954844
0: 3334763
0: 7485187
0: 3139068
0: 1207576
0: 5025575
0: 2179294
0: 1132558
0: 3137815
0: 972934
1: 2935928
1: 2428967
1: 3202709
1: 2561339
1: 1202313
1: 1348464
1: 2514908
1: 1869865
1: 3334753
1: 937245
1: 710398
1: 1549260
1: 1279769
1: 2245524
1: 3012757
1: 2454125
1: 2428933
1: 1239231
1: 2592042
1: 2387066
1: 1878505
1: 960926
1: 1239035
1: 2252560
1: 4355523
1: 2879330
1: 2578043
1: 2116936
1: 3137143
1: 2250366
1: 2496263
1: 563799
1: 181650
1: 3888828
1: 3757182
1: 1440098
1: 2534898
1: 1543166
1: 1238349
1: 428307
1: 2665281
1: 1807454
1: 3212344
1: 1778627
1: 2195544
1: 3012738
1: 1239024
1: 3202702
1: 2130969
1: 843505
1: 1238723
1: 1238680
1: 1239023
1: 6101058
1: 3888831
1: 1645018
1: 3406640
1: 563806
1: 2664896
1: 1334788
1: 283465
1: 2303539
1: 3301193
1: 1962388
1: 3330200
1: 2925033
1: 6353898
1: 5455688
1: 1121636
1: 361112
1: 1846031
1: 3106910
1: 2355232
1: 1239029
1: 2353743
1: 1554247
1: 1238726
1: 387452
1: 1266259
1: 601742
1: 3757260
1: 3134631
1: 1830178
1: 1311673
1: 2147173
1: 2462480
1: 7809431
1: 852244
1: 991051
1: 1418187
1: 4049470
1: 3301341
1: 3433970
1: 3184267
1: 415360
1: 1549340
1: 7351508
1: 5963612
1: 1765960
1: 4364902
1: 3369981
1: 3434198
1: 3071893
1: 5131661
1: 2358540
1: 3550596
1: 4017610
1: 3212163
1: 2866245
1: 1403046
1: 3542450
1: 3882661
1: 3446549
1: 62933
1: 7423300
1: 3142051
1: 1440080
1: 3456598
1: 2313985
1: 3888823
1: 2990038
1: 755289
1: 1851261
1: 1239048
1: 505203
1: 3184253
1: 69756
1: 5994921
1: 6658656
1: 3173721
1: 684107
1: 1740728
1: 3571088
1: 1869860
1: 1117562
1: 2930198
1: 5108779
1: 3095881
1: 2879383
1: 4931527
1: 2385715
1: 1554220
1: 4004910
1: 3408846
1: 1710644
1: 1554302
1: 1819662
1: 3250390
1: 791235
1: 4541925
1: 2350368
1: 762828
1: 896065
1: 7771980
1: 3256549
1: 3366425
1: 1850888
1: 4939584
1: 7216960
1: 425626
1: 3622941
1: 2126375
1: 4249189
1: 1567331
1: 1830104
1: 4511081
1: 1432439
1: 3648949
1: 1726270
1: 2536453
1: 2412428
1: 434917
1: 2073
1: 3436859
1: 3331914
1: 3458117
1: 3738608
1: 5227868
1: 1445041
1: 4688817
1: 3609268
1: 1313650
1: 1313643
1: 1716740
1: 2179549
1: 2021819
1: 2299926
1: 1830120
1: 2353748
1: 3550991
1: 3466900
1: 3667637
1: 3173726
1: 2071
1: 2593638
1: 2819096
1: 1719200
1: 1276875
1: 2125113
1: 686915
