0: 1532300
0: 2481346
0: 907124
0: 1487304
0: 2133091
0: 2481358
0: 14979
0: 316742
0: 3306625
0: 1869868
0: 7025881
0: 5298126
0: 6215762
0: 4639222
0: 767515
0: 1239267
0: 1239436
0: 14983
0: 3327242
0: 2105233
0: 906145
0: 843512
0: 1535766
0: 3480818
0: 1239235
0: 906136
0: 1443273
0: 1239236
0: 15408
0: 2481361
0: 1901700
0: 906143
0: 4004908
0: 2481359
0: 2585270
0: 2143600
0: 1238725
0: 176000
0: 2542947
0: 320131
0: 3533697
0: 2355224
0: 2106781
0: 1869794
0: 3550940
0: 14986
0: 3313606
0: 2944558
0: 14967
0: 2159915
0: 319950
0: 320136
0: 2353741
0: 14984
0: 4017609
0: 3708190
0: 1869593
0: 2680478
0: 1498632
0: 2381649
0: 1269982
0: 812260
0: 2272
0: 631390
0: 1554657
0: 2381616
0: 5239190
0: 4029486
0: 1822176
0: 2511072
0: 3021263
0: 1239034
0: 1327416
0: 2299636
0: 2497654
0: 2387063
0: 7730185
0: 4017613
0: 1239032
0: 1583575
0: 3510214
0: 2348455
0: 14958
0: 2148295
0: 4004909
0: 1130664
0: 2428967
0: 3202709
0: 3062248
0: 2514908
0: 667553
0: 1130645
0: 569065
0: 1549260
0: 1239231
0: 3225440
0: 3211891
0: 2387066
0: 1239035
0: 1152858
0: 3703519
0: 1935154
0: 1238349
0: 2586883
0: 3953047
0: 14999
0: 3202702
0: 1238723
0: 14964
0: 3313605
0: 4017615
0: 1645018
0: 1283824
0: 754155
0: 3301193
0: 2348452
0: 1283825
0: 14962
0: 2348450
0: 1121636
0: 7869821
0: 1511893
0: 2353743
0: 1554247
0: 1238726
0: 601742
0: 3134631
0: 1830178
0: 316493
0: 14976
0: 3401780
0: 449910
0: 415360
0: 2152808
0: 4017610
0: 3550596
0: 2944562
0: 62933
0: 3456598
0: 7867542
0: 755289
0: 684107
0: 116926
0: 3317792
0: 2879383
0: 2385715
0: 1554220
0: 4004910
0: 1710644
0: 1554302
0: 3694369
0: 896065
0: 5239188
0: 2531697
0: 2126375
0: 2909622
0: 1830104
0: 4511081
0: 314972
0: 15003
0: 2073
0: 3331914
0: 911747
0: 2353748
0: 4909418
0: 1830120
0: 3550991
0: 7022888
0: 3414358
0: 374216
0: 4516676
0: 2071
0: 2256555
0: 1284570
0: 863769
0: 631389
0: 631387
0: 686915
0: 3486062
0: 4468285
0: 2387059
0: 7539844
0: 3301200
0: 182816
0: 1554227
0: 601747
0: 991085
0: 7499233
0: 2428678
0: 2159946
0: 14987
0: 5928044
0: 3463
0: 172902
0: 1239232
0: 3551063
0: 3531913
0: 3614402
0: 814042
0: 5229209
1: 3741063
1: 1491578
1: 1238727
1: 1325258
1: 5998245
1: 1310253
1: 420863
1: 3596257
1: 4307170
1: 599513
1: 103288
1: 7881788
1: 1549306
1: 1239247
1: 3588804
1: 1088984
1: 1549252
1: 754156
1: 546173
1: 1554248
1: 1154410
1: 816710
1: 3477954
1: 2428809
1: 1327592
1: 4339475
1: 847922
1: 1554603
1: 570328
1: 3145457
1: 182849
1: 7743903
1: 1238347
1: 498321
1: 4873670
1: 2152809
1: 14998
1: 14960
1: 7664671
1: 4183
1: 3480610
1: 3692952
1: 3062247
1: 1675231
1: 1238345
1: 545259
1: 1107829
1: 57260
1: 7268200
1: 7539843
1: 2155165
1: 2549922
1: 4004904
1: 3181936
1: 6848793
1: 1749
1: 1804849
1: 1554647
1: 5239185
1: 4868776
1: 5176649
1: 1238344
1: 2155160
1: 541969
1: 4128949
1: 1683755
1: 4541929
1: 3480675
1: 3531912
1: 3248741
1: 3550007
1: 3156546
1: 1283823
1: 7550877
1: 1479699
1: 4446934
1: 4902453
1: 176002
1: 569066
1: 2347444
1: 2675152
1: 14978
1: 3308852
1: 3220991
1: 1238724
1: 725580
1: 4729057
1: 4931418
1: 1554278
1: 1238346
1: 1474337
1: 3457
1: 5344040
1: 847923
1: 1549400
1: 2155162
1: 14995
1: 1837786
1: 4734779
1: 3535172
1: 1815006
1: 14974
1: 811491
1: 4729069
1: 5362376
1: 2353733
1: 1079662
1: 754161
1: 4797187
1: 3531536
1: 2464920
1: 2690603
1: 2078078
1: 1079666
1: 684108
1: 5893050
1: 4402762
1: 3480609
1: 2990696
1: 3595098
1: 2245487
1: 596153
1: 601740
1: 4744685
1: 2966539
1: 3181937
1: 224149
1: 1514756
1: 863772
1: 1269957
1: 2479374
1: 1079663
1: 1327595
1: 4185
1: 5021318
1: 4024815
1: 880738
1: 4336066
1: 3596255
1: 3486055
1: 863773
1: 1238718
1: 4772016
1: 7748668
1: 4649765
1: 2810490
1: 2832130
1: 3146942
1: 6126907
1: 4478226
1: 7037827
1: 3538176
1: 2347228
1: 911561
1: 1744732
1: 327866
1: 66190
1: 4306462
1: 4836412
1: 4795159
1: 4788570
1: 7664684
1: 3855343
1: 3480678
1: 3426572
1: 2549907
1: 817756
1: 14961
1: 15010
1: 829318
1: 14981
1: 603227
1: 5317441
1: 5276076
1: 5176644
1: 3515389
1: 3531911
1: 2542950
1: 1549309
1: 3184231
1: 1554249
1: 14989
1: 1269989
1: 601739
1: 14997
1: 384823
1: 5910451
1: 5474754
1: 5294890
1: 2639490
1: 4197840
1: 3531910
1: 1256861
1: 1238717
1: 1091312
1: 364421
1: 6950278
1: 4525347
1: 4199128
1: 791572
