ID: MinEJOkLKOE
ID: MinEJOkLKOE
ID: 7iLlgS5o09c
ID: McxsrN3WW48
ID: 7iLlgS5o09c
ID: McxsrN3WW48
ID: BRiT_s3tN6Y
ID: BRiT_s3tN6Y
ID: TIGDsyy0TK4
ID: TIGDsyy0TK4
ID: vTXtQ8ZBzvY
ID: vTXtQ8ZBzvY
ID: ckV0i9MgbJg
ID: jiaruS1hf6Q
ID: vxtBBfMTMZ0
ID: ckV0i9MgbJg
ID: jiaruS1hf6Q
ID: vxtBBfMTMZ0
ID: J91jD9u6Nk4
ID: 2vq33LK8bZA
ID: J91jD9u6Nk4
ID: 2vq33LK8bZA
ID: yOqstdu16tc
ID: yOqstdu16tc
ID: 0fKcJswQuwQ
ID: fXEL4k6Pfgg
ID: 0fKcJswQuwQ
ID: fXEL4k6Pfgg
ID: 5zQE3sBrfLE
ID: 5zQE3sBrfLE
ID: Dyc95dKuGp4
ID: ICVexvZjuC0
ID: Dyc95dKuGp4
ID: ICVexvZjuC0
ID: lw8GflbJwLc
ID: GC8C8Zgfm7s
ID: lw8GflbJwLc
ID: 2BeAHd_Kmf8
ID: f2rIcE7HvoY
ID: GC8C8Zgfm7s
ID: 2BeAHd_Kmf8
ID: f2rIcE7HvoY
ID: pyvhGOgbzbg
ID: fqe2qindz5I
ID: wg370xgQP44
ID: gw0_4PckI8Q
ID: pyvhGOgbzbg
ID: KlVIYmGVRQ8
ID: fqe2qindz5I
ID: wg370xgQP44
ID: gw0_4PckI8Q
ID: KlVIYmGVRQ8
ID: BafVsMpoSF0
ID: BafVsMpoSF0
ID: enUG-sjDP14
ID: EhmGWuszL8o
ID: enUG-sjDP14
ID: EhmGWuszL8o
ID: 85LTf0fDgEk
ID: 85LTf0fDgEk
ID: Xz1IQkgxSLU
ID: pvugcXpBBJ0
ID: Xz1IQkgxSLU
ID: pvugcXpBBJ0
ID: I497Uc8xWXQ
ID: 0v_1TPz1uXw
ID: nkEbuT39MhA
ID: N6nnIx4C-Fo
ID: oXoCCZiIU_w
ID: I497Uc8xWXQ
ID: txCnH3fmFOo
ID: 0v_1TPz1uXw
ID: nkEbuT39MhA
ID: N6nnIx4C-Fo
ID: oXoCCZiIU_w
ID: txCnH3fmFOo
ID: dpgPHr6J2jM
ID: dpgPHr6J2jM
ID: 6J3LPpawLa8
ID: 6J3LPpawLa8
ID: pAnjPqQP0UQ
ID: pAnjPqQP0UQ
ID: imUE_3954DE
ID: imUE_3954DE
ID: etiXb7DsuOo
ID: 0HF7cEpbLvU
ID: etiXb7DsuOo
ID: 0HF7cEpbLvU
ID: SKpCxOuKOUY
ID: SKpCxOuKOUY
ID: tI7D8dcDGCg
ID: tI7D8dcDGCg
ID: pPhN8HFzkDE
ID: pPhN8HFzkDE
ID: JV-aknQgC0Q
ID: JV-aknQgC0Q
ID: xinnFcDkHaU
ID: xinnFcDkHaU
ID: yThkdHxcTH4
ID: yThkdHxcTH4
ID: mxL3N8amk0Y
ID: mxL3N8amk0Y
ID: jpDuhyRuiQg
ID: jpDuhyRuiQg
ID: oCKpSGYTizE
ID: oCKpSGYTizE
ID: 6UgDxpW0H2M
ID: BltLChB2SAU
ID: 6UgDxpW0H2M
ID: BltLChB2SAU
ID: h6Kv-IPXy3E
ID: h6Kv-IPXy3E
ID: IJCd3rFz03A
ID: IJCd3rFz03A
