0: 1969949
0: 2636
0: 3433835
0: 1846051
0: 101499
0: 6949139
0: 1721446
0: 1721447
0: 869207
0: 2691415
0: 1348430
0: 61089
0: 3624486
0: 625130
0: 3624499
0: 3584717
0: 1239303
0: 3571266
0: 19727
0: 848086
0: 2754312
0: 3231812
0: 1239305
0: 1499497
0: 1537284
0: 2735367
0: 1822165
0: 1554657
0: 109492
0: 197025
0: 74342
0: 1239301
0: 2478148
0: 787674
0: 1549239
0: 2806572
0: 848085
0: 4748608
0: 3529119
0: 470252
0: 2438503
0: 1560351
0: 3542609
0: 277571
0: 1524328
0: 2464875
0: 1238349
0: 1537176
0: 1461610
0: 4360538
0: 885048
0: 4238501
0: 626351
0: 384645
0: 833198
0: 2443941
0: 1652093
0: 1461616
0: 2409372
0: 387452
0: 1239302
0: 410329
0: 65652
0: 2037805
0: 1249009
0: 1499393
0: 1821790
0: 3529120
0: 1537260
0: 3524852
0: 2314618
0: 833195
0: 2478149
0: 59168
0: 3524536
0: 1040100
0: 4981724
0: 2128077
0: 4249189
0: 1499443
0: 961128
0: 1504727
0: 4366688
0: 1262199
0: 74267
0: 839905
0: 2691444
0: 1631564
0: 932748
0: 5352575
0: 1461617
0: 3180963
0: 3529124
0: 1537270
0: 996180
0: 1301315
0: 1339889
0: 3571090
0: 1892905
0: 166837
0: 4366689
0: 3460780
0: 886965
0: 1517740
0: 3531913
0: 3630346
0: 7631742
0: 2478147
0: 165401
0: 4366692
0: 1540652
0: 1631569
0: 2926821
0: 1430503
0: 2373755
0: 6191136
0: 3448608
0: 1000259
0: 4360539
0: 1549238
0: 11539
0: 6171225
0: 3363853
0: 184417
0: 1606061
0: 1549242
0: 3613794
0: 1055368
0: 4491565
0: 668284
0: 1461612
0: 1554603
0: 3529117
0: 1238347
0: 2394644
0: 478608
0: 1238345
0: 3630352
0: 1269999
0: 4650046
0: 1714177
0: 1430502
0: 5354053
0: 2478143
0: 840638
0: 7344601
0: 1554647
0: 1540633
0: 833202
0: 393065
0: 2756036
0: 1238344
0: 3529128
0: 1504732
0: 3531912
0: 388659
0: 101502
0: 839954
0: 4447847
0: 2909936
0: 1565567
0: 769147
0: 5352571
0: 1131836
0: 1634247
0: 427492
0: 3529121
0: 3529125
0: 2754059
0: 1549240
0: 3524521
0: 836790
0: 4366690
0: 3665457
0: 2708501
0: 1238346
0: 4366691
0: 7193890
0: 3529122
0: 11540
0: 1581400
0: 4714763
0: 4288589
0: 3494456
0: 2037814
0: 1594372
0: 1651833
0: 1540638
0: 1885578
0: 1461613
0: 197027
0: 3529118
0: 3529127
0: 3877125
0: 11541
0: 1239304
0: 569254
0: 1808135
0: 4431112
0: 3176064
1: 174898
1: 7010810
1: 880738
1: 4350203
1: 1736854
1: 2472039
1: 1131834
1: 5016598
1: 910540
1: 1149237
1: 6191133
1: 4230629
1: 166835
1: 2940447
1: 198600
1: 750795
1: 4867
1: 3531911
1: 3630342
1: 1075837
1: 1461614
1: 1543254
1: 14453
1: 839902
1: 3531910
1: 4288591
1: 3148885
1: 1517739
1: 2441414
1: 3556801
1: 920547
1: 1549241
1: 353
1: 4868862
1: 4457525
1: 4355197
1: 19266
1: 6534410
1: 3531915
1: 2417400
1: 331271
1: 1552507
1: 833203
1: 4212674
1: 4365690
1: 857190
1: 6191135
1: 74272
1: 1238351
1: 1552490
1: 21765
1: 188161
1: 4212662
1: 2742741
1: 954044
1: 6534408
1: 870481
1: 2442004
1: 1934608
1: 2428339
1: 331272
1: 4322841
1: 5024796
1: 2416131
1: 3479208
1: 2807740
1: 1552502
1: 1549243
1: 409632
1: 890054
1: 421388
1: 74269
1: 4230632
1: 4296653
1: 398079
1: 928855
1: 1552509
1: 605776
1: 605066
1: 3508148
1: 1262316
1: 896070
1: 808331
1: 2088632
1: 9359
1: 1572707
1: 5217921
1: 4582660
1: 5210049
1: 4345074
1: 3301375
1: 684464
1: 2553213
1: 4831486
1: 4465541
1: 4468633
1: 3287109
1: 3220971
1: 7048112
1: 73806
1: 2037816
1: 1504729
1: 1631568
1: 3677148
1: 4385412
1: 3159060
1: 3368213
1: 882096
1: 1574650
1: 791895
1: 7104975
1: 1629190
1: 87887
1: 2940316
1: 2691393
1: 750667
1: 838246
1: 101493
1: 101496
1: 4873854
1: 4976587
1: 5217916
1: 4783500
1: 3550747
1: 3584718
1: 1936339
1: 402391
1: 1735143
1: 3098074
1: 453064
1: 7104988
1: 829119
1: 6182570
1: 4535164
1: 6560424
1: 5266360
1: 4365689
1: 4414140
1: 4780798
1: 4578254
1: 2660003
1: 3562099
1: 5077143
1: 4432607
1: 5461135
1: 3260035
1: 2650336
1: 331284
1: 1149199
1: 246072
1: 4517714
1: 11542
1: 2742742
1: 4579343
1: 864551
1: 1552496
1: 2386190
1: 1039887
1: 2563401
1: 686143
1: 1745375
1: 1538971
1: 507134
1: 4934161
1: 5201959
1: 4922263
1: 3299175
1: 3300032
1: 920545
1: 1552504
1: 2940424
1: 1552500
1: 4358705
1: 1552497
1: 1552499
1: 943753
1: 7048100
1: 2424738
1: 1634867
1: 6605134
1: 4232905
1: 2269046
1: 2289607
1: 882097
1: 354034
1: 107807
1: 7104712
1: 4778181
1: 4905170
1: 2394642
1: 1666680
1: 2824953
1: 2708500
1: 1674369
1: 2352791
1: 1249015
1: 6696579
1: 6968809
1: 4721662
1: 5364359
