0: 19830
0: 3151869
0: 736875
0: 3063284
0: 3186876
0: 3064048
0: 2021266
0: 2191645
0: 83761
0: 3125912
0: 1557993
0: 779827
0: 1995056
0: 1557110
0: 1568646
0: 1090835
0: 616013
0: 2180346
0: 3008779
0: 3495722
0: 1649362
0: 164977
0: 1721590
0: 2711279
0: 600205
0: 171229
0: 1913485
0: 1113547
0: 1690875
0: 1079235
0: 726268
0: 2815427
0: 1846962
0: 7833738
0: 3063414
0: 1758194
0: 1046475
0: 1995079
0: 1617470
0: 3712483
0: 877121
0: 1117628
0: 640960
0: 3215188
0: 7842665
0: 2887483
0: 1721633
0: 3460971
0: 701079
0: 2980163
0: 2821775
0: 723557
0: 7860008
0: 3130988
0: 1851061
0: 2583213
0: 3121435
0: 1115428
0: 2136831
0: 2785512
0: 1854081
0: 1365830
0: 2189317
0: 3124098
0: 3057622
0: 84665
0: 1670219
0: 1503881
0: 3404534
0: 5536777
0: 1276784
0: 1261142
0: 2043983
0: 144053
0: 2021262
0: 196745
0: 8196
0: 5800386
0: 1804436
0: 1117645
0: 288531
0: 1869135
0: 1614822
0: 2905531
0: 1352353
0: 3705550
0: 4426419
0: 3763897
0: 1721566
0: 3048001
0: 21118
0: 3036097
0: 1822569
0: 673184
0: 1846822
0: 2428666
0: 2920264
0: 472981
0: 4579561
0: 358771
0: 7853377
0: 600095
0: 115448
0: 1363095
0: 3520837
0: 6594958
0: 172770
0: 2106825
0: 2100108
0: 453393
0: 1921548
0: 3063283
0: 2972858
0: 6508617
0: 3275314
0: 3444359
0: 1421010
0: 5244883
0: 141314
0: 1914127
0: 178682
0: 1728163
0: 656967
0: 3605276
0: 2134851
0: 3133501
0: 3661159
0: 1712625
0: 164753
0: 7846558
0: 636172
0: 84714
0: 7785106
0: 3716288
0: 1072923
0: 8110
0: 1852934
0: 115646
0: 5300030
0: 203188
0: 3430964
0: 5595483
0: 5189902
0: 586257
0: 1520615
0: 316742
0: 433626
0: 3684138
0: 1508847
0: 258938
0: 1792233
0: 209112
0: 3352517
0: 21146
0: 4234067
0: 5880136
0: 2574170
0: 6786607
0: 970347
0: 3092043
0: 290434
0: 379651
0: 15046
0: 1777352
0: 7838724
0: 420730
0: 1844894
0: 4666566
0: 4098058
0: 5010270
0: 234952
0: 3687200
0: 3418141
0: 4637398
0: 2736964
0: 3875817
0: 1753745
0: 3736055
0: 7836281
0: 1275551
0: 7847987
0: 407429
0: 67556
0: 3419108
0: 396633
0: 5090810
0: 1835478
0: 478396
0: 1326162
0: 7875506
0: 6625895
0: 3538749
0: 3007467
0: 7855448
0: 5902188
0: 476816
0: 2926
0: 7440640
0: 404364
0: 476589
1: 3105628
1: 3381416
1: 1753736
1: 6137612
1: 1290351
1: 3445223
1: 4566275
1: 382686
1: 398966
1: 2786684
1: 5111261
1: 5218002
1: 381848
1: 5077752
1: 2905495
1: 415833
1: 335969
1: 4572108
1: 1111529
1: 5886728
1: 7205105
1: 3778816
1: 7484292
1: 6518675
1: 4018756
1: 1587292
1: 1850622
1: 5398789
1: 51794
1: 5830643
1: 176939
1: 5062314
1: 5383001
1: 3678831
1: 7589934
1: 1181730
1: 4035660
1: 4841884
1: 4663073
1: 1269617
1: 3852255
1: 4111357
1: 5555938
1: 7873557
1: 6144272
1: 5630441
1: 3504803
1: 3851313
1: 7536762
1: 720342
1: 7040946
1: 7140807
1: 2556426
1: 7101430
1: 3212567
1: 7391959
1: 7496159
1: 7338764
1: 360807
1: 1665747
1: 3573390
1: 4990912
1: 1786582
1: 5821692
1: 5218855
1: 7792956
1: 5323493
1: 1851077
1: 2993938
1: 1238662
1: 2989569
1: 4625476
1: 476593
1: 6955548
1: 6472927
1: 7487114
1: 7325889
1: 1370172
1: 3881671
1: 7803881
1: 7121992
1: 7716360
1: 3824660
1: 385981
1: 4907511
1: 4927569
1: 7569709
1: 6923417
1: 715541
1: 207504
1: 3515094
1: 6655548
1: 6752841
1: 7634894
1: 5167737
1: 1164504
1: 7566106
1: 6336984
1: 5668674
1: 1015769
1: 5495384
1: 4677221
1: 6526807
1: 7347044
1: 7798227
1: 1839061
1: 6693310
1: 1850038
1: 7543677
1: 7032507
1: 4961562
1: 7357877
1: 6200239
1: 486832
1: 5340386
1: 7796822
1: 7242158
1: 5202140
1: 101499
1: 420206
1: 2519423
1: 4618212
1: 5314319
1: 5510008
1: 7747813
1: 3636239
1: 4943161
1: 7753979
1: 6704928
1: 7669963
1: 5397674
1: 7184366
1: 7205106
1: 7604096
1: 4896935
1: 4830921
1: 4714097
1: 4639222
1: 7491775
1: 5132879
1: 1122031
1: 7528769
1: 7489001
1: 5118757
1: 5627808
1: 1283168
1: 6490922
1: 7536861
1: 5353919
1: 7504392
1: 7465763
1: 7623956
1: 7500200
1: 4726473
1: 5141069
1: 7663311
1: 4490853
1: 7515253
1: 7528090
1: 4728754
1: 1738220
1: 2443969
1: 3132112
1: 3037639
1: 7840448
1: 407685
1: 7852680
1: 2902546
1: 2100
1: 1633815
1: 82524
1: 3227796
1: 2738555
1: 3044356
1: 1239436
1: 2889423
1: 19616
1: 3299783
1: 1004022
1: 3454964
1: 2022763
1: 943228
1: 3750036
1: 3362956
1: 1845399
1: 192894
1: 7853641
1: 3400094
1: 1291164
1: 2103130
1: 1743305
1: 538286
1: 804068
1: 3533186
1: 3842589
1: 3146686
1: 1718940
1: 2870621
1: 89168
1: 2090197
