0: 771145
0: 243241
0: 710613
0: 1623023
0: 173660
0: 966322
0: 2123166
0: 1572190
0: 3349834
0: 1603759
0: 282980
0: 1263062
0: 680319
0: 334461
0: 3408683
0: 1476989
0: 74585
0: 1549340
0: 752251
0: 3768758
0: 3717773
0: 3652074
0: 1161820
0: 1768888
0: 112141
0: 1000259
0: 715533
0: 1603763
0: 4034040
0: 350
0: 885839
0: 1740458
0: 18904
0: 331273
0: 3685810
0: 4593592
0: 2918226
0: 3200187
0: 166868
0: 3754569
0: 188089
0: 7748668
0: 184610
0: 3024330
0: 200975
0: 4587625
0: 7743905
0: 1193068
0: 83192
0: 4816673
0: 218892
0: 2984627
0: 320720
0: 1011221
0: 3444160
0: 968570
0: 4863446
0: 3349837
0: 1129957
0: 2047404
0: 1556094
0: 331279
0: 3922566
0: 7756880
0: 4926923
0: 7522217
0: 280870
0: 6629782
0: 4805723
0: 4391846
0: 7508186
0: 2484240
0: 4943968
0: 4793215
0: 680318
0: 331280
0: 5390568
0: 5058386
0: 987052
0: 314457
0: 218893
0: 3754937
0: 2445345
0: 3612242
0: 2375110
0: 3248150
0: 7017862
0: 5386319
0: 4984067
0: 3487862
0: 991489
0: 7152079
0: 4573137
0: 2536460
0: 5451945
0: 3712179
0: 1634867
0: 1675128
0: 4026745
0: 7256626
0: 3093741
0: 178279
0: 7443259
0: 4348924
0: 2843122
0: 5180773
0: 4273830
0: 257242
0: 6918739
0: 6861141
0: 4480277
0: 2436032
0: 3751259
0: 3719372
0: 2548846
0: 5197531
0: 6774752
0: 3234176
0: 7267391
0: 7049093
0: 6828924
0: 7049096
0: 5488876
0: 6956679
0: 4503363
0: 4858690
0: 2633383
0: 2775469
0: 2448133
0: 5199823
0: 5032334
0: 5173103
0: 4982694
0: 4982693
0: 5354815
0: 7392970
0: 5135008
0: 2814413
0: 3450214
0: 1146010
0: 87261
0: 2909912
0: 1635072
0: 1777325
0: 4239790
0: 1788265
0: 1069958
0: 504855
0: 4701722
0: AdlGJRvOebQ
0: Ooj1c6fhdFM
0: yPI38imbQSI
0: 0PiNkmK3A1c
0: hGC5TQtjzFw
0: ipmkJx06XFM
0: 2r9Azbo5drA
0: 2-nA5KasEoE
0: XEhf32GjdnU
0: cdfZvU6pBfo
0: BIj5FAFQ_rk
0: G1rAFQ5pdz4
0: aAu2boOLuW4
0: bFBjeuHxGjU
0: N6ujBCCFv78
0: AdlGJRvOebQ
0: Ooj1c6fhdFM
0: yPI38imbQSI
0: 0PiNkmK3A1c
0: hGC5TQtjzFw
0: ipmkJx06XFM
0: 2r9Azbo5drA
0: 2-nA5KasEoE
0: XEhf32GjdnU
0: cdfZvU6pBfo
0: BIj5FAFQ_rk
0: G1rAFQ5pdz4
0: aAu2boOLuW4
0: bFBjeuHxGjU
0: N6ujBCCFv78
0: sSZe6M-2kvg
0: g_UqcI7UZto
0: _0NCVmpAGr8
0: crejLGhUSTc
0: AVNba8UsIVM
0: mR3Rn9y4y_8
0: X_NO_BhZkaU
0: frzHLsysu5s
0: Fi3hmicBJLE
0: xbLSOJ1KOx8
0: J17x3y9vynw
0: uvyO-QvkUyY
0: iOsJsvMCfA4
0: 83sxSVOIY_A
0: 95t_GWjRwk0
1: RC6RbCzw_lg
1: I28KoP7YM7U
1: M_xIaxQE3Ms
1: 8m3FHei5Z24
1: BC3v7cAtMrc
1: uWKXChrkU38
1: 2ZZKGUX2AdQ
1: ZFhzhtLZLlc
1: asgcBjSmqvU
1: ZJPsVd0MRAg
1: bOxV5KUPJS4
1: OTLq8IsOJE8
1: OkNa59Puihk
1: GmH49qAsab8
1: gLyTF4QIoqk
1: oDEY3Ovg8cY
1: _fElrSBIjjQ
1: 8Qj0sEpB3YA
1: aVKgw21_3tY
1: Vyb3tUmWaxU
1: OfLc6ozzXnI
1: _fhLeo0fBdA
1: FUtMRSK4MCg
1: NO4eqDzyKzc
1: LH2f77VWuGI
1: O-8pqhF0Hf8
1: Fb-p-00nXfY
1: JOf0azoRsKg
1: lQLDWPn_sSc
1: JrHThXJ8EJI
2: OzFpu1OBXVI
2: e0D3JqIHZG4
2: nvZHDrW8GCI
2: ExcC8ocJmn8
2: USSIwYZL4DE
2: 3kbFPqdfxFA
2: MtT0MMBT1Ws
2: XduoQ9EkYro
2: HFjqiYNtuTM
2: ru0dk9FuEZo
2: 5ozBBPGYuQg
2: oLklDppuROU
2: jeZq7rvtRMo
2: goSxCf8CiqE
2: 77PmWlLFPuY
2: YBn0BpW5ef4
2: fqCJOa3w8q0
2: B77ypBmpYuw
2: 3wUdqyXa-kI
2: PzpoDcsigko
2: si4-pd-eeJs
2: TZSeksO2v5Q
2: AZJjIlbZM60
2: sEK8OMsJJ08
2: zqj1hbfy-ks
2: WZApzZEx2OU
2: 9MeKK9875vI
2: T0d_OmJ85VI
2: ZtXrPnXbCHo
2: WYm76AJ0y_8
0: OzFpu1OBXVI
0: e0D3JqIHZG4
0: nvZHDrW8GCI
0: ExcC8ocJmn8
0: USSIwYZL4DE
0: 3kbFPqdfxFA
0: MtT0MMBT1Ws
0: XduoQ9EkYro
0: HFjqiYNtuTM
0: ru0dk9FuEZo
0: 5ozBBPGYuQg
0: oLklDppuROU
0: jeZq7rvtRMo
0: goSxCf8CiqE
0: 77PmWlLFPuY
0: YBn0BpW5ef4
0: fqCJOa3w8q0
0: B77ypBmpYuw
0: 3wUdqyXa-kI
0: PzpoDcsigko
0: si4-pd-eeJs
0: TZSeksO2v5Q
0: AZJjIlbZM60
0: sEK8OMsJJ08
0: zqj1hbfy-ks
0: WZApzZEx2OU
0: 9MeKK9875vI
0: T0d_OmJ85VI
0: ZtXrPnXbCHo
0: WYm76AJ0y_8
1: A4Vo6XLMaPk
1: bBhRL8derMw
1: yGasbnIy2CE
1: -5EGXottPIY
1: 3gPm9ahRwvM
1: IHyIKTrUIpI
1: -ftWfohtjNw
1: EqZDjWLiFOs
1: I7KFhriu88I
1: AKcgMoIaLHg
1: bv6Niqa6BH4
1: -22C5tv2hyY
1: tLbGQ1YazV8
1: h4PhZBWdTTY
1: nB06Er5Fa6o
1: 0usDJWVlHX0
1: e4g15l3iKBk
1: 0ljSbOBXAgk
1: FADz2TEIjqo
1: y_3XqjJIn3A
1: 7yRvUaHwBcU
1: x3cJGMCbEy8
1: lHHNyK3c57g
1: Ybgx00cT45M
1: 7tcXsqyhpWc
1: VyEG_NgTUAA
1: pCxJvSeSB5A
1: lOFcfQh2Rso
1: iIPNtVQfc54
1: uiCvOjpr5KI
2: cBI4dn9z-ik
2: ab6UFPEMJik
2: S9xE5omKJ2Q
2: Oip4CDyljqI
2: Am07oJtzbM8
2: roRhozo6o9E
2: xfcGkXhkHdc
2: gfKpJo4iI2k
2: NF1mVl8vJQE
2: 4t6rjFjabtM
2: C-qau1JC8xA
2: V9girIxLFEQ
2: S-CqWuzhIos
2: ICIjDKVIOd0
2: IrpzRXS5HbU
2: 2I8etk-av94
2: KZsL2woZ9jg
2: qQFfbq4t4dQ
2: HiyPR2oacKw
2: b9drVB7xIOI
2: zOlQ7lF-3vs
2: 02YxzzNpfRs
2: kcA-c3f_3FE
2: Hs5gvdM8qo8
2: C1Q3qOTlegg
2: xX9SmqQCbFY
2: uayYTomQ5r8
2: 9P6o04lOdEM
2: KFACa2ZwfW4
2: IMYyeYepe0I
3: ibHZxWFcIa8
3: 7YVJFSxTF0A
3: WtwSsqwYlA0
3: e7wEOxr4EAU
3: EvoIiaIVRzU
3: FWuUSEGKz94
3: HwFh-7dKMXQ
3: v_SrOQDivPM
3: 0IcsGNOxm4A
3: BKWxbQJ-qnQ
3: VjEaoovalYk
3: _EJUJ4NDPok
3: VeRTm8WMTNM
3: nXaDYe6L1Kg
3: 1QbosWMxOx0
3: JlNzxCWPUBQ
3: OQEX_4rRqVc
3: GM1NprU8STk
3: nruYBR4N3VE
3: 5JtuW6PqGKE
3: zl1_ngMIeWU
3: eo5xKhh-iMU
3: zIRTvdo-q2U
3: w1N97ByBs_4
3: ykt9envzX5s
3: U_zIfKfEoRM
3: YCTUXuXsSu8
3: koKwoKekmK8
3: yVnnfyaMlZ8
3: mL_Wma9re9c
4: ygAfE0onMik
4: uW6ivAo22E0
4: MbTs79fxIqU
4: PrVe-yFI9Bs
4: ZbwQEWAm2EA
4: h4XEpzG4Y-I
4: suH2bDfi8SU
4: Wcsks8nkUbc
4: 6Zor4BJCujY
4: nDK_3biAGHc
4: 2RMWPwYMZ84
4: PoqnIqvj-fQ
4: ChbpBqYoYqk
4: qCT-iyGqto4
4: REER7FsUIu0
4: 3hPyYGtXzzc
4: GZzdCzn7nu0
4: J9VfHts__2o
4: 41x2Kf6vfdk
4: AEj1rLwWdN8
4: 55WhHnZDfYQ
4: Pr6B4ZLzTMA
4: vipqDUKPl4A
4: YZjlTqdfuSI
4: Zu2ure4KLTA
4: FVGzf1H5Oyw
4: Ga3ziG9jCno
4: pAhmGGtRlDY
4: fD2zyBa3Jiw
4: SJCg8XcgaZo
5: WiPZZeXy18E
5: 0HKv_EDkEA8
5: VW0bzb90oMA
5: sjwaJPDPZ5g
5: tpsaA8XiAME
5: QqRvPY_5m5I
5: 4irgyik6Q3U
5: tGTVxeOr_Rs
5: XBxQZLNBM0Q
5: vngzm4P2BTs
5: 4rDCa5hBlCs
5: IGfIGP5ONV0
5: rFBA42UFpLs
5: fk6IiypMWss
5: guW0fgImEXQ
5: N7_uZpi-4Ug
5: NnIWIPdxbPg
5: EBO7ZeuUtz0
5: EPy0gBJzzZU
5: 4_jhDO54BYg
5: NNC8Y1H223k
5: -RQ8tGcn2EY
