0: 2573836
0: 1522680
0: 1074997
0: 2721852
0: 7151302
0: 6209247
0: 2527193
0: 5974552
0: 3529802
0: 2632182
0: 7083263
0: 6133330
0: 2563403
0: 7299967
0: 825564
0: 1605921
0: 1605911
0: 7353447
0: 3314679
0: 3425656
0: 3231448
0: 379893
0: 1346096
0: 806580
0: 2279
0: 583485
0: 61089
0: 413268
0: 1422591
0: 7828905
0: 1422590
0: 1557702
0: 3654444
0: 2704700
0: 2395218
0: 2784944
0: 4375600
0: 3680834
0: 7844359
0: 846962
0: 3335938
0: 4346598
0: 7823082
0: 698592
0: 860286
0: 7869618
0: 952515
0: 7844357
0: 1235341
0: 2527208
0: 3351156
0: 2497691
0: 802388
0: 3529119
0: 4087197
0: 1411629
0: 2633565
0: 853879
0: 2383265
0: 962279
0: 8985
0: 2116960
0: 3664838
0: 1238349
0: 1737087
0: 2453282
0: 1827986
0: 2546197
0: 812452
0: 4943046
0: 7837752
0: 3609248
0: 7818527
0: 2633574
0: 4488420
0: 7863281
0: 665699
0: 794740
0: 1503626
0: 1358567
0: 2723842
0: 2369165
0: 6182703
0: 824624
0: 5914425
0: 3533619
0: 1939218
0: 4087882
0: 3529120
0: 3731338
0: 4388608
0: 7837738
0: 887010
0: 76122
0: 3535170
0: 2514723
0: 1238391
0: 214544
0: 1284606
0: 2278
0: 1039910
0: 4135245
0: 7826123
0: 6339939
0: 3662191
0: 3540394
0: 952233
0: 7361961
0: 4372202
0: 2119572
0: 2514728
0: 1825806
0: 4110618
0: 7784251
0: 7802069
0: 5424274
0: 927558
0: 2457241
0: 824627
0: 3358836
0: 4488431
0: 932777
0: 2650233
0: 926734
0: 4391527
0: 2892013
0: 2424131
0: 2369143
0: 1673871
0: 980014
0: 3253234
0: 931467
0: 7802068
0: 3529124
0: 1439749
0: 3321420
0: 804533
0: 7826114
0: 863349
0: 4126540
0: 2523391
0: 7826115
0: 1103349
0: 7865871
0: 2826764
0: 886965
0: 926047
0: 7286486
0: 771627
0: 4759362
0: 3159064
0: 7254674
0: 2457244
0: 2457242
0: 6287117
0: 2290611
0: 3596257
0: 2895827
0: 3704820
0: 1238688
0: 90852
0: 8986
0: 3540735
0: 2457240
0: 3684890
0: 2424118
0: 2695314
0: 2453221
0: 4396313
0: 6380057
0: 7799796
0: 2441903
0: 5976513
0: 7826117
0: 4065504
0: 1285140
0: 415370
0: 7115083
0: 4452055
0: 4320412
0: 2634265
0: 437680
0: 7251781
0: 7826534
0: 1238686
0: 927564
0: 989415
0: 930749
0: 5174414
0: 7395592
0: 4507972
0: 3320387
0: 1944501
0: 3912138
0: 3529117
0: 3689247
0: 3683511
0: 1610840
0: 2780238
0: 1524571
1: 1238347
1: 978665
1: 943402
1: 3662195
1: 886984
1: 175569
1: 2633571
1: 7374361
1: 7395591
1: 6514595
1: 7346239
1: 2846675
1: 2563400
1: 2202431
1: 1105323
1: 1238345
1: 7284470
1: 7799795
1: 4396330
1: 6133420
1: 3678884
1: 7826532
1: 7799817
1: 219845
1: 7826125
1: 7398435
1: 4111949
1: 3633203
1: 3321488
1: 3678888
1: 2291274
1: 7135112
1: 850523
1: 7115084
1: 7423096
1: 3335939
1: 2091972
1: 7787256
1: 4956235
1: 8983
1: 5174410
1: 7104054
1: 3678885
1: 1238344
1: 4151089
1: 5046291
1: 3529128
1: 4611484
1: 2424124
1: 3311538
1: 3677327
1: 7075815
1: 144753
1: 7799794
1: 649861
1: 1238389
1: 1039912
1: 7863280
1: 4739970
1: 4888895
1: 7137758
1: 3041514
1: 2441904
1: 2369146
1: 1938304
1: 346325
1: 7359500
1: 4739923
1: 6339940
1: 3748919
1: 2592917
1: 7054107
1: 2449858
1: 7276559
1: 4930454
1: 7359499
1: 4385459
1: 3529121
1: 3529125
1: 322721
1: 1652016
1: 5281241
1: 5517962
1: 4859067
1: 3819666
1: 6283964
1: 3364917
1: 7228368
1: 7784266
1: 4793035
1: 7395590
1: 3313408
1: 3640609
1: 3676559
1: 1238346
1: 5002480
1: 3529122
1: 3617856
1: 1405605
1: 7154842
1: 1646426
1: 6928
1: 5317522
1: 3469148
1: 3321421
1: 6135705
1: 2514727
1: 3467099
1: 7823958
1: 2033587
1: 4772049
1: 3281162
1: 3432736
1: 1610871
1: 101345
1: 762452
1: 237442
1: 3667497
1: 6135702
1: 1265250
1: 346327
1: 7784267
1: 5174411
1: 2439857
1: 3529118
1: 3529127
1: 6135734
1: 1238694
1: 1075239
1: 7086390
1: 794741
1: 7075921
1: 2424121
1: 2139203
1: 824625
1: 886986
1: 394174
1: 7067365
1: 7826529
1: 7251780
1: 2424122
1: 7251779
1: 3596255
1: 1586955
1: 3465636
1: 863356
1: 1500867
1: 3138895
1: 7137760
1: 7115071
1: 7339763
1: 2374123
1: 4143628
1: 4724840
1: 2117356
1: 6298007
1: 887011
1: 4001721
1: 1610909
1: 3550710
1: 1105322
1: 910558
1: 1707541
1: 7115080
1: 7124570
1: 5016677
1: 4930117
1: 3535174
1: 3314684
1: 2633564
1: 2633569
1: 4403144
1: 4266260
1: 7865869
1: 3314678
1: 2128025
1: 1308002
1: 7155091
1: 7157441
1: 4412960
1: 4141661
1: 3932036
1: 3678889
1: 2365559
1: 7737707
1: 5150088
1: 4740000
1: 3428108
1: 6283977
1: 4116556
1: 1675567
1: 3647317
1: 2754466
1: 7826528
1: 3640611
1: 3633235
1: 2269586
1: 1952352
1: 6339936
1: 3828
