ID: eypnIcz4HrI
ID: haSJEJYzl5A
ID: RUiYB0Wjx9k
ID: Ig1Q2geCAK0
ID: RW6Wz9QaoKk
ID: gHIABZ6roh0
ID: uV0whKyHgPo
ID: FeOT3Gafjmk
ID: dfbVZ-4zYXo
ID: -FKE4iLtDUo
ID: 5lrbbXC_kxA
ID: O_FC43kbx4g
ID: mEzLIAyKATQ
ID: F-oW3L-L6rk
ID: VgCDU8K5l_E
ID: cfxnOUSLrgk
ID: f_O1dnaQnio
ID: GxSg5E7RKhE
ID: 6uPKQe2T4TM
ID: vD4vHM2T55o
ID: uRIQHsXOxPI
ID: AUHhk3leEq8
ID: OnFUNVQsMU4
ID: JK8qOZ_zcpc
ID: 7dCZqptIdQI
ID: GIFaw5t3H8M
ID: R_6WSLe1pDs
ID: EB3MXmSGPq4
ID: hfC4DOcL6eA
ID: wDWRMHoRmuM
ID: x-gKmZm4Uiw
ID: 5gD5aVxJeOo
ID: 7eAYc74aBW0
ID: T-xXTVpB0Pk
ID: usg-ySRQuVY
ID: MjW3S0C1dCo
ID: VA_0jq9rHvg
ID: asZvnGnpL7Q
ID: 8ZhCP793B-o
ID: j7X_hySaUa4
ID: 3UAW3wr4Yy8
ID: 4bZwxQTKkfM
ID: BjTNMzFzGf8
ID: 3zmVSZQIozA
ID: oo3kSFZ7uHk
ID: RJ4QY_9jF_Y
ID: cjEsHoPkZOQ
ID: EfjFatLHsMw
ID: RnadkGACR6A
ID: SjmprT4yXNU
ID: bLPjs4Kw9JU
ID: KfiyIjr4e_w
ID: F5rDfiXEUOA
