0: 1853466
0: 636562
0: 1149668
0: 867245
0: 840014
0: 1834329
0: 6688947
0: 2588260
0: 486832
0: 3196866
0: 3932596
0: 82524
0: 1704339
0: 1443385
0: 1916996
0: 1606852
0: 465832
0: 1239116
0: 1850939
0: 2388848
0: 2138391
0: 1704343
0: 1704338
0: 3654444
0: 2944558
0: 1704341
0: 1866881
0: 275927
0: 17092
0: 3064730
0: 3508096
0: 1149456
0: 1477016
0: 731895
0: 109492
0: 1209141
0: 1363232
0: 4949625
0: 926492
0: 382086
0: 1238698
0: 3064719
0: 657491
0: 5108775
0: 3747866
0: 2559343
0: 2566825
0: 1149533
0: 2592042
0: 3221908
0: 2359703
0: 870217
0: 3324835
0: 263882
0: 2588302
0: 3196861
0: 1704342
0: 5622824
0: 4238501
0: 918943
0: 1602345
0: 2571440
0: 170191
0: 3026355
0: 1840512
0: 5901509
0: 1441384
0: 918921
0: 4369976
0: 4718174
0: 1149963
0: 1602341
0: 73765
0: 4230397
0: 1850973
0: 2944562
0: 5776461
0: 3808963
0: 3413953
0: 4413413
0: 1209190
0: 1866879
0: 1845029
0: 1922459
0: 1851047
0: 4044698
0: 382097
0: 1850833
0: 926638
0: 1208306
0: 748794
0: 2588263
0: 918669
0: 840078
0: 3071918
0: 2097457
0: 16890
0: 2571434
0: 1645562
0: 1239124
0: 1477009
0: 931467
0: 1969940
0: 1100973
0: 725578
0: 61896
0: 1284553
0: 1688039
0: 5037432
0: 3759249
0: 2566617
0: 1149631
0: 1720424
0: 636708
0: 3664499
0: 1825537
0: 669456
0: 3576860
0: 2373428
0: 1704346
0: 642727
0: 1353212
0: 1866882
0: 1238688
0: 871622
0: 1567422
0: 2605429
0: 2588262
0: 1149047
0: 184417
0: 2655261
0: 1621345
0: 382092
0: 1850978
0: 2640977
0: 2588351
0: 359402
0: 1704345
0: 1238686
0: 3409679
0: 4413422
0: 1850828
0: 1851042
0: 1850718
0: 1610840
0: 252468
0: 2561614
0: 1969937
0: 918877
0: 218891
0: 3322935
0: 1239118
0: 627285
0: 996346
0: 4563540
0: 3288394
0: 2373426
0: 1047353
0: 5079327
0: 2571435
0: 1239122
0: 4834341
0: 4237293
0: 3426461
0: 2563878
0: 3196864
0: 3039133
0: 1866880
0: 1850969
0: 1462169
0: 5353721
0: 5074061
0: 58678
0: 1850974
0: 627293
0: 3228113
0: 1850818
0: 3196862
0: 1459698
0: 627290
0: 2588252
0: 7274782
0: 3380838
0: 1329302
0: 839990
0: 4320576
0: 3126182
0: 3043902
0: 3196863
0: 1037925
0: 398509
0: 4208231
0: 4000315
0: 3426460
0: 2138390
0: 4343420
0: 2588245
0: 918690
0: 605585
0: 1149221
1: 5794
1: 5344040
1: 1376683
1: 1850832
1: 2588335
1: 2571439
1: 1142681
1: 1581400
1: 14212
1: 18904
1: 2590533
1: 1239126
1: 782317
1: 6544998
1: 2566835
1: 836821
1: 4040335
1: 1850963
1: 1602343
1: 5792
1: 791609
1: 6768669
1: 2901430
1: 2571438
1: 2588251
1: 1238697
1: 4208712
1: 3339710
1: 2571437
1: 1436101
1: 1238694
1: 6533677
1: 1822156
1: 166868
1: 1357286
1: 4269672
1: 4009739
1: 7673048
1: 1793530
1: 4330997
1: 1461198
1: 2588354
1: 3532016
1: 1621346
1: 1736854
1: 1542594
1: 4454519
1: 2540622
1: 700021
1: 4000310
1: 4208740
1: 3426463
1: 4813140
1: 918552
1: 1850966
1: 3221912
1: 1149237
1: 59076
1: 1850964
1: 2589545
1: 3231137
1: 1237408
1: 2328719
1: 1969947
1: 1193068
1: 921018
1: 5002671
1: 3969416
1: 1850836
1: 1486024
1: 1850820
1: 838272
1: 4000314
1: 7723086
1: 1561292
1: 1195676
1: 1969938
1: 695280
1: 2588319
1: 1462136
1: 3489142
1: 2588353
1: 3805658
1: 2563877
1: 996360
1: 5831946
1: 1851052
1: 1851051
1: 1064931
1: 1850839
1: 840008
1: 4932852
1: 4119946
1: 4232928
1: 1851045
1: 1238695
1: 1850199
1: 3042056
1: 216473
1: 868075
1: 5002669
1: 5629027
1: 1835491
1: 4212674
1: 1246038
1: 4224692
1: 6969291
1: 1846446
1: 1209116
1: 1238696
1: 1850815
1: 1844877
1: 3640501
1: 3373032
1: 6352155
1: 1239121
1: 1602349
1: 3310241
1: 4000312
1: 2577653
1: 1503538
1: 2589542
1: 1238692
1: 2588364
1: 2846143
1: 2153692
1: 1130260
1: 5033644
1: 4907279
1: 4212662
1: 1850962
1: 3221911
1: 1758677
1: 1149384
1: 2097777
1: 2756200
1: 1228699
1: 1602344
1: 1602342
1: 1462158
1: 168214
1: 174393
1: 5222542
1: 4766174
1: 4747526
1: 3409485
1: 2595916
1: 1637059
1: 2588323
1: 1149457
1: 2588308
1: 1506117
1: 2571436
1: 247338
1: 697491
1: 2625955
1: 1239117
1: 2428339
1: 247326
1: 247346
1: 6584069
1: 7294089
1: 2986707
1: 3725825
1: 4231729
1: 3819484
1: 1149691
1: 840009
1: 26063
1: 6902993
1: 4928932
1: 2669583
1: 3000247
1: 1238693
1: 2588305
1: 2588304
1: 239031
1: 6688946
1: 5002675
1: 4829641
1: 3393341
1: 7114395
1: 1127897
1: 2015593
1: 3318107
1: 3039132
1: 2424646
1: 4000309
1: 1476983
1: 2607254
1: 5793
1: 4109090
1: 4991670
1: 5318954
1: 6757669
1: 4338808
1: 4795497
1: 3864136
1: 1850976
1: 3143148
