0: 2293337
0: 1330459
0: 3359755
0: 2960533
0: 3431122
0: 3366430
0: 783351
0: 1442034
0: 1487304
0: 2583213
0: 1114060
0: 2200001
0: 352475
0: 1546125
0: 99551
0: 1882400
0: 2569257
0: 2191973
0: 5210753
0: 1339969
0: 3089148
0: 2239377
0: 731823
0: 1238295
0: 1396330
0: 2550024
0: 4186310
0: 4330211
0: 3317983
0: 3441830
0: 1350482
0: 1180048
0: 1846085
0: 1239429
0: 5267300
0: 1624345
0: 528791
0: 545371
0: 4224954
0: 5002686
0: 629180
0: 3431119
0: 6648685
0: 1326148
0: 4082580
0: 1869868
0: 7133242
0: 2764589
0: 6165597
0: 3221094
0: 4159028
0: 2502961
0: 926426
0: 7224875
0: 6834750
0: 1835934
0: 1303374
0: 3368824
0: 5079237
0: 7367633
0: 5332677
0: 1395771
0: 5712343
0: 1398159
0: 1839515
0: 6379817
0: 6011147
0: 599527
0: 6229020
0: 7323943
0: 5581806
0: 3501491
0: 5989144
0: 486832
0: 5353463
0: 6014361
0: 6808367
0: 4184605
0: 1587686
0: 6279252
0: 7191555
0: 7391738
0: 1238249
0: 1776661
0: 1239306
0: 282332
0: 2458300
0: 3304977
0: 1351308
0: 2109043
0: 1263099
0: 1205155
0: 2565817
0: 3304967
0: 539138
0: 164500
0: 2202561
0: 272812
0: 3327059
0: 1446093
0: 361597
0: 219595
0: 1225101
0: 2458241
0: 1386743
0: 272810
0: 2458311
0: 5259625
0: 3140004
0: 1223153
0: 4112566
0: 815057
0: 3123491
0: 2458277
0: 1353274
0: 5928043
0: 1412232
0: 800521
0: 2111132
0: 2459931
0: 539148
0: 2111124
0: 1239097
0: 3314554
0: 783356
0: 2111130
0: 924937
0: 1271943
0: 4255928
0: 3327032
0: 2459954
0: 1412313
0: 3285333
0: 2111127
0: 2399642
0: 2232626
0: 410330
0: 2879244
0: 320124
0: 419623
0: 197078
0: 5206447
0: 5177731
0: 2944558
0: 7649
0: 3140025
0: 2563395
0: 1492673
0: 1482976
0: 82529
0: 3974646
0: 2143993
0: 3304997
0: 4089616
0: 2558610
0: 5928080
0: 2111134
0: 2092988
0: 2194070
0: 2202605
0: 1374360
0: 2022296
0: 5140640
0: 1223150
0: 2688
0: 3411540
0: 1487647
0: 3436853
0: 3315231
0: 3540625
0: 1470228
0: 3565102
0: 1470226
0: 785068
0: 7874179
0: 3132973
0: 3439189
0: 2076155
0: 1444371
0: 4090677
0: 932449
0: 1445849
0: 2198926
0: 4077817
0: 5206448
0: 2300531
0: 395590
0: 829271
0: 2413248
0: 3611722
0: 4243131
0: 3571086
0: 823782
0: 3571092
0: 1239105
0: 5099527
0: 741166
0: 799597
0: 4496959
0: 1452717
1: 869198
1: 737096
1: 3219851
1: 2194075
1: 3198279
1: 1290966
1: 1239109
1: 1239100
1: 3352397
1: 1153428
1: 1463806
1: 2980432
1: 2252643
1: 4916482
1: 282340
1: 1239094
1: 2412637
1: 2521581
1: 2609759
1: 2169232
1: 4331414
1: 4089614
1: 1235353
1: 799809
1: 100787
1: 3207901
1: 1314524
1: 601578
1: 2546119
1: 5274681
1: 677383
1: 2416749
1: 2550021
1: 2410713
1: 6062497
1: 2806572
1: 1418212
1: 1224506
1: 3436848
1: 2154725
1: 1352128
1: 2239418
1: 2860857
1: 2402620
1: 1239112
1: 1472974
1: 3512280
1: 3333790
1: 3314552
1: 4183408
1: 3456980
1: 932383
1: 3287788
1: 3757745
1: 2287744
1: 1481402
1: 2780489
1: 1470229
1: 833470
1: 878198
1: 890382
1: 241047
1: 1482979
1: 1631846
1: 1453352
1: 1100974
1: 2290969
1: 1851148
1: 5099482
1: 1905731
1: 2287756
1: 2561339
1: 2144006
1: 2247217
1: 1202313
1: 1348464
1: 1869865
1: 1463444
1: 780124
1: 2378617
1: 2596092
1: 2367069
1: 1442033
1: 7744988
1: 2357171
1: 1470227
1: 1424760
1: 1966294
1: 2318368
1: 3123506
1: 751178
1: 2416733
1: 5009367
1: 1447627
1: 1411374
1: 5091397
1: 1567319
1: 2489367
1: 2801959
1: 2239455
1: 2043016
1: 1411368
1: 757103
1: 3221090
1: 5206450
1: 5133105
1: 1239111
1: 2607334
1: 2092962
1: 2092976
1: 272257
1: 1487350
1: 2482394
1: 1390488
1: 5140618
1: 2318367
1: 943127
1: 3529896
1: 50935
1: 3974840
1: 2459944
1: 5291742
1: 3633076
1: 2239462
1: 4183410
1: 2239407
1: 1367814
1: 1803074
1: 2546197
1: 2140943
1: 986628
1: 3411553
1: 3462895
1: 2191957
1: 1234634
1: 5275109
1: 2554401
1: 3547552
1: 1765957
1: 3740344
1: 1491562
1: 1373852
1: 569068
1: 2241401
1: 4469955
1: 144145
1: 4188523
1: 2171604
1: 4396941
1: 3512281
1: 5259628
1: 3032323
1: 260687
1: 4255932
1: 2477504
1: 1830178
1: 5928081
1: 1834816
1: 168593
1: 2410712
1: 1418187
1: 3643597
1: 3366437
1: 3633093
1: 3426042
1: 3144290
1: 2109074
1: 1260669
1: 1265386
1: 2570683
1: 839977
1: 58195
1: 2154720
1: 2457464
1: 816698
1: 698575
1: 3442878
1: 1329440
1: 1448975
1: 4454098
1: 2243
1: 2944562
1: 2907901
1: 4304179
1: 5274802
1: 2381859
1: 1239096
1: 824621
1: 1470230
1: 3456953
1: 5335158
1: 2278703
1: 92600
1: 757102
1: 3251091
1: 2709077
1: 1475010
1: 2279446
1: 505203
1: 4069467
