0: 2367029
0: 846357
0: 815072
0: 1461619
0: 1969949
0: 2636
0: 3538291
0: 5318938
0: 1846051
0: 551235
0: 1838547
0: 3932596
0: 5083173
0: 869207
0: 84686
0: 465832
0: 2691415
0: 1379990
0: 3584717
0: 2596113
0: 848086
0: 2486708
0: 3231812
0: 1499497
0: 1537284
0: 3220967
0: 3508096
0: 3437679
0: 2735367
0: 813881
0: 1543257
0: 2409368
0: 197025
0: 74342
0: 1549239
0: 715608
0: 848085
0: 2592104
0: 4748608
0: 3529119
0: 833470
0: 2438503
0: 1543256
0: 1504404
0: 1560351
0: 3542609
0: 1808136
0: 1772630
0: 2464875
0: 1892897
0: 3703519
0: 1537176
0: 1238349
0: 384645
0: 833198
0: 1691599
0: 1652093
0: 410329
0: 2134036
0: 6373875
0: 1499393
0: 2395804
0: 1346851
0: 3529120
0: 932957
0: 1537260
0: 3583644
0: 6463738
0: 2367077
0: 2511067
0: 833195
0: 1851193
0: 1850952
0: 2485730
0: 4981724
0: 1346849
0: 803522
0: 4249189
0: 1499443
0: 961128
0: 4366688
0: 2134033
0: 3706749
0: 166842
0: 932748
0: 1636616
0: 3529124
0: 1537270
0: 996180
0: 166837
0: 4366689
0: 3531913
0: 3630346
0: 1825537
0: 833464
0: 165401
0: 2144111
0: 2815068
0: 1866882
0: 3467189
0: 2605429
0: 3220969
0: 1549238
0: 7371479
0: 6640124
0: 3363853
0: 1549242
0: 1606061
0: 7344602
0: 3287634
0: 5336122
0: 2596979
0: 6463745
0: 3529117
0: 1845988
0: 1238347
0: 678785
0: 478608
0: 925061
0: 1238345
0: 3630352
0: 7341221
0: 7344601
0: 840638
0: 833202
0: 1077677
0: 2618728
0: 1238344
0: 3529128
0: 923196
0: 3531912
0: 769147
0: 427492
0: 3529121
0: 1549240
0: 3529125
0: 3380838
0: 932782
0: 2589985
0: 996514
0: 4343420
0: 2708501
0: 1238346
0: 4366691
0: 3437662
0: 3529122
0: 3158526
0: 3157305
0: 2577632
0: 2564023
0: 1885578
0: 3877125
0: 3529118
0: 3529127
0: 569254
0: 166868
0: 174898
0: 3389093
0: 1621346
0: 1737607
0: 698579
0: 453214
0: 1442740
0: 2621624
0: 5581794
0: 5162471
0: 4436398
0: 750795
0: 7512232
0: 3531911
0: 3630342
0: 7328538
0: 14453
0: 3698779
0: 3531910
0: 1549241
0: 3467190
0: 675875
0: 4421620
0: 3620725
0: 3467188
0: 1552507
0: 3531915
0: 331271
0: 833203
0: 5318965
0: 3932592
0: 1552490
0: 4343423
0: 1238351
0: 820163
0: 3158538
0: 3166311
0: 4604726
0: 2616912
0: 331272
0: 7328524
0: 4322841
0: 4871380
0: 1552502
1: 4548519
1: 2340899
1: 1549243
1: 839986
1: 4771057
1: 1552509
1: 4296653
1: 398079
1: 3808473
1: 2618727
1: 2347923
1: 605776
1: 2441895
1: 2552497
1: 896070
1: 199588
1: 5217921
1: 5313943
1: 2687183
1: 3301375
1: 4885199
1: 2531766
1: 2553213
1: 5857432
1: 5452968
1: 2592059
1: 4397777
1: 3287109
1: 7048112
1: 932774
1: 5857431
1: 3677148
1: 7235140
1: 7328523
1: 882096
1: 3368213
1: 4037328
1: 2550213
1: 1120418
1: 4385412
1: 2815067
1: 4486387
1: 3283407
1: 2806875
1: 491904
1: 6470307
1: 6484394
1: 6591578
1: 6555054
1: 5217916
1: 4783500
1: 4486396
1: 7608757
1: 3584718
1: 7328521
1: 772343
1: 797423
1: 829119
1: 6720689
1: 4535164
1: 4871345
1: 5461135
1: 4486388
1: 3620723
1: 7328534
1: 2660003
1: 750784
1: 331284
1: 6916204
1: 5076712
1: 4486394
1: 1552496
1: 2629250
1: 2592095
1: 4326150
1: 4517714
1: 4343419
1: 864551
1: 2645873
1: 2386190
1: 1538971
1: 5937030
1: 6263361
1: 5201959
1: 4588662
1: 5512559
1: 4914298
1: 3361315
1: 1552504
1: 1552500
1: 1552497
1: 4922263
1: 1552499
1: 2592143
1: 943753
1: 2592138
1: 4358705
1: 7328518
1: 823833
1: 5322731
1: 5394507
1: 4465536
1: 4486398
1: 4486395
1: 296180
1: 2706440
1: 882097
1: 1426257
1: 2305603
1: 3643102
1: 2413341
1: 1584587
1: 7328536
1: 7328539
1: 7554872
1: 5119098
1: 4486390
1: 4778181
1: 2708500
1: 1584597
1: 2352791
1: 7328533
1: 7268050
1: 7328522
1: 6263360
1: 7328526
1: 4338064
1: 6240917
1: 4721662
1: 4948795
1: 5428392
1: 4367144
1: 5364359
1: 4126919
1: 1552501
1: 4486411
1: 1370265
1: 897446
1: 4037329
1: 4037327
1: 418087
1: 1582045
1: 7328525
1: 7247357
1: 7247367
1: 7328529
1: 6835053
1: 1359523
1: 5489918
1: 5896269
1: 3620726
1: 5971539
1: 3368212
1: 4294831
1: 1123453
1: 7708167
1: 6604590
1: 5484460
1: 7328519
1: 4446679
1: 5857434
1: 4486405
1: 4040453
1: 2460491
1: 2479687
1: 5346443
1: 6967950
1: 7328540
1: 7328527
1: 7328528
1: 4791754
1: 5446243
1: 4402453
1: 3534558
1: 2567124
1: 1669551
1: 3263078
1: 7049955
1: 7341118
1: 6470297
1: 7328530
1: 5539737
1: 5482408
1: 4126918
1: 4486389
1: 4486397
1: 4486392
1: 4486391
1: 2827057
1: 3735667
1: 3552139
1: 4486402
1: 4486410
1: 4486409
1: 4486404
1: 4486406
1: 3349266
1: 3709651
1: 1588123
1: 2241630
